2022-03-11 00:00:04,888 INFO com.technicalprashikshan.main.controller.InvoiceDetailsController [http-nio-8080-exec-9] TechPra-2022-03-22-1
2022-03-11 00:00:04,891 INFO com.technicalprashikshan.main.dao.InvoiceDetailsDAO [http-nio-8080-exec-9] TechPra-2022-03-22-1
2022-03-11 00:00:04,895 INFO com.technicalprashikshan.main.dao.InvoiceDetailsDAO [http-nio-8080-exec-9] Invoice Details Deleted Successfully
2022-03-11 00:00:09,782 INFO com.technicalprashikshan.main.controller.InvoiceDetailsController [http-nio-8080-exec-10] Retriving all invoice details
2022-03-11 00:00:09,783 INFO com.technicalprashikshan.main.dao.rowmappers.InvoiceDetailsRowMapper [http-nio-8080-exec-10] InvoiceDetailsRowMapper mapRow
2022-03-11 00:00:09,784 INFO com.technicalprashikshan.main.dao.rowmappers.FilesDetailsRowMapper [http-nio-8080-exec-10] FilesDetailsRowMapper mapRow
2022-03-11 00:00:09,796 INFO com.technicalprashikshan.main.dao.rowmappers.TrainerDetailsRowMapper [http-nio-8080-exec-10] TrainerDetailsRowMapper mapRow
2022-03-11 00:00:09,797 INFO com.technicalprashikshan.main.dao.rowmappers.FilesDetailsRowMapper [http-nio-8080-exec-10] FilesDetailsRowMapper mapRow
2022-03-11 00:00:09,797 INFO com.technicalprashikshan.main.dao.rowmappers.ContactDetailsRowMapper [http-nio-8080-exec-10] ContactDetailsRowMapper object created
2022-03-11 00:00:09,798 INFO com.technicalprashikshan.main.dao.rowmappers.ContactDetailsRowMapper [http-nio-8080-exec-10] ContactDetailsRowMapper mapRow
2022-03-11 00:00:09,798 INFO com.technicalprashikshan.main.dao.rowmappers.ContactDetailsRowMapper [http-nio-8080-exec-10] ContactDetails [contactId=1, firstName=Samarth, lastName=Patil, contactNumberOne=9920728158, contactNumberTwo=null, emailOne=samarth.patil@gmail.com, emailTwo=null, contactType=vendor contact, contactStatus=active]
2022-03-11 00:00:09,799 INFO com.technicalprashikshan.main.dao.rowmappers.UserDetailsRowMapper [http-nio-8080-exec-10] UserDetailsRowMapper mapRow
2022-03-11 00:00:09,799 INFO com.technicalprashikshan.main.dao.rowmappers.UserDetailsRowMapper [http-nio-8080-exec-10] UserDetails [userId=1, password=Bahubali@01, role=Trainer]
2022-03-11 00:00:09,800 INFO com.technicalprashikshan.main.dao.rowmappers.FilesDetailsRowMapper [http-nio-8080-exec-10] FilesDetailsRowMapper mapRow
2022-03-11 00:00:09,801 INFO com.technicalprashikshan.main.dao.rowmappers.FilesDetailsRowMapper [http-nio-8080-exec-10] FilesDetailsRowMapper mapRow
2022-03-11 00:01:21,559 INFO com.technicalprashikshan.main.controller.PurchaseOrderDetailsController [http-nio-8080-exec-3] Retriving all purchaseOrder details
2022-03-11 00:01:21,574 INFO com.technicalprashikshan.main.dao.rowmappers.PurchaseOrderDetailsRowMapper [http-nio-8080-exec-3] PurchaseOrderDetailsRowMapper mapRow
2022-03-11 00:01:21,575 INFO com.technicalprashikshan.main.dao.rowmappers.FilesDetailsRowMapper [http-nio-8080-exec-3] FilesDetailsRowMapper mapRow
2022-03-11 00:01:21,578 INFO com.technicalprashikshan.main.dao.rowmappers.VendorDetailsRowMapper [http-nio-8080-exec-3] VendorDetailsRowMapper mapRow
2022-03-11 00:01:21,578 INFO com.technicalprashikshan.main.dao.rowmappers.ContactDetailsRowMapper [http-nio-8080-exec-3] ContactDetailsRowMapper object created
2022-03-11 00:01:21,579 INFO com.technicalprashikshan.main.dao.rowmappers.ContactDetailsRowMapper [http-nio-8080-exec-3] ContactDetailsRowMapper mapRow
2022-03-11 00:01:21,579 INFO com.technicalprashikshan.main.dao.rowmappers.ContactDetailsRowMapper [http-nio-8080-exec-3] ContactDetails [contactId=5, firstName=Trupti, lastName=Acharekar, contactNumberOne=9920728158, contactNumberTwo=null, emailOne=trupti.acharekar@gmail.com, emailTwo=null, contactType=client contact, contactStatus=active]
2022-03-11 00:01:21,579 INFO com.technicalprashikshan.main.dao.rowmappers.VendorDetailsRowMapper [http-nio-8080-exec-3] VendorDetails [vendorId=1, vendorName=Pragati Software, addressLineOne=109,Lok Center, addressLineTwo=Marol Maroshi Road, landmark=Above ICICI Bank, city=Marol , Mumbai, state=Maharashtra, pin=400012, vendorStatus=active, primaryContactDetails=ContactDetails [contactId=5, firstName=Trupti, lastName=Acharekar, contactNumberOne=9920728158, contactNumberTwo=null, emailOne=trupti.acharekar@gmail.com, emailTwo=null, contactType=client contact, contactStatus=active]]
2022-03-11 00:01:21,582 INFO com.technicalprashikshan.main.dao.rowmappers.ClientDetailsRowMapper [http-nio-8080-exec-3] ClientDetailsRowMapper mapRow
2022-03-11 00:01:21,583 INFO com.technicalprashikshan.main.dao.rowmappers.ContactDetailsRowMapper [http-nio-8080-exec-3] ContactDetailsRowMapper object created
2022-03-11 00:01:21,584 INFO com.technicalprashikshan.main.dao.rowmappers.ContactDetailsRowMapper [http-nio-8080-exec-3] ContactDetailsRowMapper mapRow
2022-03-11 00:01:21,584 INFO com.technicalprashikshan.main.dao.rowmappers.ContactDetailsRowMapper [http-nio-8080-exec-3] ContactDetails [contactId=3, firstName=Amruta, lastName=Patil, contactNumberOne=9920728158, contactNumberTwo=null, emailOne=amruta.patil@gmail.com, emailTwo=null, contactType=trainer contact, contactStatus=active]
