2022-03-22 12:41:28,066 INFO com.technicalprashikshan.main.TechnicalPrashikshanApplication [main] logger is configured successfully!
2022-03-22 12:41:28,285 INFO com.technicalprashikshan.main.TechnicalPrashikshanApplication [restartedMain] logger is configured successfully!
2022-03-22 12:41:28,749 INFO com.technicalprashikshan.main.TechnicalPrashikshanApplication [restartedMain] Starting TechnicalPrashikshanApplication using Java 17.0.1 on BornToCode with PID 112232 (C:\Technical_Prashikshan\Spring_Boot\TechnicalPrashikshan\TechnicalPrashikshan\target\classes started by bornt in C:\Technical_Prashikshan\Spring_Boot\TechnicalPrashikshan\TechnicalPrashikshan)
2022-03-22 12:41:28,751 INFO com.technicalprashikshan.main.TechnicalPrashikshanApplication [restartedMain] No active profile set, falling back to default profiles: default
2022-03-22 12:41:30,121 INFO com.technicalprashikshan.main.controller.BankingDetailsController [restartedMain] BankingDetailsController object created
2022-03-22 12:41:30,204 INFO com.technicalprashikshan.main.controller.ClientDetailsController [restartedMain] ClientDetailsController object created
2022-03-22 12:41:30,215 INFO com.technicalprashikshan.main.controller.ContactDetailsController [restartedMain] ContactDetailsController object created
2022-03-22 12:41:30,216 INFO com.technicalprashikshan.main.service.ContactDetailsService [restartedMain] ContactDetailsService object created
2022-03-22 12:41:30,224 INFO com.technicalprashikshan.main.controller.DaysDetailsController [restartedMain] DaysDetailsController object created
2022-03-22 12:41:30,234 INFO com.technicalprashikshan.main.controller.FilesDetailsController [restartedMain] FilesDetailsController object created
2022-03-22 12:41:30,242 INFO com.technicalprashikshan.main.controller.FinancialYearDetailsController [restartedMain] FinancialYearDetailsController object created
2022-03-22 12:41:30,249 INFO com.technicalprashikshan.main.controller.InvoiceDetailsController [restartedMain] InvoiceDetailsController object created
2022-03-22 12:41:30,259 INFO com.technicalprashikshan.main.controller.MonthsDetailsController [restartedMain] MonthsDetailsController object created
2022-03-22 12:41:30,267 INFO com.technicalprashikshan.main.controller.PurchaseOrderDetailsController [restartedMain] PurchaseOrderDetailsController object created
2022-03-22 12:41:30,275 INFO com.technicalprashikshan.main.controller.TrainerDetailsController [restartedMain] TrainerDetailsController object created
2022-03-22 12:41:30,283 INFO com.technicalprashikshan.main.controller.TrainingDatesDetailsController [restartedMain] TrainingDatesDetailsController object created
2022-03-22 12:41:30,290 INFO com.technicalprashikshan.main.controller.TrainingDetailsController [restartedMain] TrainingDetailsController object created
2022-03-22 12:41:30,297 INFO com.technicalprashikshan.main.controller.UserDetailsController [restartedMain] UserDetailsController object created
2022-03-22 12:41:30,303 INFO com.technicalprashikshan.main.controller.VendorDetailsController [restartedMain] VendorDetailsController object created
2022-03-22 12:41:31,299 INFO com.technicalprashikshan.main.TechnicalPrashikshanApplication [restartedMain] Started TechnicalPrashikshanApplication in 3.005 seconds (JVM running for 3.624)
2022-03-22 12:41:31,304 INFO com.technicalprashikshan.main.TechnicalPrashikshanApplication [restartedMain] Spring Boot application is deployed successfully!!
2022-03-22 12:42:02,227 INFO com.technicalprashikshan.main.controller.UserDetailsController [http-nio-8080-exec-1] Retriving all client details
2022-03-22 12:42:02,276 INFO com.technicalprashikshan.main.dao.rowmappers.UserDetailsRowMapper [http-nio-8080-exec-1] UserDetailsRowMapper mapRow
2022-03-22 12:42:02,277 INFO com.technicalprashikshan.main.dao.rowmappers.UserDetailsRowMapper [http-nio-8080-exec-1] UserDetails [userId=1, password=Bahubali@01, role=Trainer]
2022-03-22 12:42:02,277 INFO com.technicalprashikshan.main.dao.rowmappers.UserDetailsRowMapper [http-nio-8080-exec-1] UserDetailsRowMapper mapRow
2022-03-22 12:42:02,277 INFO com.technicalprashikshan.main.dao.rowmappers.UserDetailsRowMapper [http-nio-8080-exec-1] UserDetails [userId=2, password=Bahubali@01, role=Admin]
2022-03-22 12:43:12,148 INFO com.technicalprashikshan.main.TechnicalPrashikshanApplication [restartedMain] logger is configured successfully!
2022-03-22 12:43:12,182 INFO com.technicalprashikshan.main.TechnicalPrashikshanApplication [restartedMain] Starting TechnicalPrashikshanApplication using Java 17.0.1 on BornToCode with PID 112232 (C:\Technical_Prashikshan\Spring_Boot\TechnicalPrashikshan\TechnicalPrashikshan\target\classes started by bornt in C:\Technical_Prashikshan\Spring_Boot\TechnicalPrashikshan\TechnicalPrashikshan)
2022-03-22 12:43:12,182 INFO com.technicalprashikshan.main.TechnicalPrashikshanApplication [restartedMain] No active profile set, falling back to default profiles: default
2022-03-22 12:43:12,631 INFO com.technicalprashikshan.main.controller.BankingDetailsController [restartedMain] BankingDetailsController object created
2022-03-22 12:43:12,660 INFO com.technicalprashikshan.main.controller.ClientDetailsController [restartedMain] ClientDetailsController object created
2022-03-22 12:43:12,668 INFO com.technicalprashikshan.main.controller.ContactDetailsController [restartedMain] ContactDetailsController object created
2022-03-22 12:43:12,669 INFO com.technicalprashikshan.main.service.ContactDetailsService [restartedMain] ContactDetailsService object created
2022-03-22 12:43:12,677 INFO com.technicalprashikshan.main.controller.DaysDetailsController [restartedMain] DaysDetailsController object created
2022-03-22 12:43:12,684 INFO com.technicalprashikshan.main.controller.FilesDetailsController [restartedMain] FilesDetailsController object created
2022-03-22 12:43:12,695 INFO com.technicalprashikshan.main.controller.FinancialYearDetailsController [restartedMain] FinancialYearDetailsController object created
2022-03-22 12:43:12,702 INFO com.technicalprashikshan.main.controller.InvoiceDetailsController [restartedMain] InvoiceDetailsController object created
2022-03-22 12:43:12,711 INFO com.technicalprashikshan.main.controller.MonthsDetailsController [restartedMain] MonthsDetailsController object created
2022-03-22 12:43:12,720 INFO com.technicalprashikshan.main.controller.PurchaseOrderDetailsController [restartedMain] PurchaseOrderDetailsController object created
2022-03-22 12:43:12,728 INFO com.technicalprashikshan.main.controller.TrainerDetailsController [restartedMain] TrainerDetailsController object created
2022-03-22 12:43:12,736 INFO com.technicalprashikshan.main.controller.TrainingDatesDetailsController [restartedMain] TrainingDatesDetailsController object created
2022-03-22 12:43:12,746 INFO com.technicalprashikshan.main.controller.TrainingDetailsController [restartedMain] TrainingDetailsController object created
2022-03-22 12:43:12,754 INFO com.technicalprashikshan.main.controller.UserDetailsController [restartedMain] UserDetailsController object created
2022-03-22 12:43:12,761 INFO com.technicalprashikshan.main.controller.VendorDetailsController [restartedMain] VendorDetailsController object created
2022-03-22 12:43:12,931 INFO com.technicalprashikshan.main.TechnicalPrashikshanApplication [restartedMain] Started TechnicalPrashikshanApplication in 0.778 seconds (JVM running for 105.257)
2022-03-22 12:43:12,932 INFO com.technicalprashikshan.main.TechnicalPrashikshanApplication [restartedMain] Spring Boot application is deployed successfully!!
2022-03-22 12:43:17,957 INFO com.technicalprashikshan.main.controller.UserDetailsController [http-nio-8080-exec-2] userLogin
2022-03-22 12:43:17,957 INFO com.technicalprashikshan.main.controller.UserDetailsController [http-nio-8080-exec-2] UserDetails [userId=0, password=null, role=null]
2022-03-22 12:43:17,990 ERROR com.technicalprashikshan.main.dao.UserDetailsDAO [http-nio-8080-exec-2] Exception :: Incorrect result size: expected 1, actual 0
2022-03-22 12:43:32,564 INFO com.technicalprashikshan.main.controller.UserDetailsController [http-nio-8080-exec-3] userLogin
2022-03-22 12:43:32,564 INFO com.technicalprashikshan.main.controller.UserDetailsController [http-nio-8080-exec-3] UserDetails [userId=0, password=null, role=null]
2022-03-22 12:43:32,566 ERROR com.technicalprashikshan.main.dao.UserDetailsDAO [http-nio-8080-exec-3] Exception :: Incorrect result size: expected 1, actual 0
2022-03-22 12:43:44,151 INFO com.technicalprashikshan.main.controller.UserDetailsController [http-nio-8080-exec-4] userLogin
2022-03-22 12:43:44,152 INFO com.technicalprashikshan.main.controller.UserDetailsController [http-nio-8080-exec-4] UserDetails [userId=0, password=null, role=null]
2022-03-22 12:43:44,153 ERROR com.technicalprashikshan.main.dao.UserDetailsDAO [http-nio-8080-exec-4] Exception :: Incorrect result size: expected 1, actual 0
2022-03-22 12:44:34,065 INFO com.technicalprashikshan.main.TechnicalPrashikshanApplication [restartedMain] logger is configured successfully!
2022-03-22 12:44:34,102 INFO com.technicalprashikshan.main.TechnicalPrashikshanApplication [restartedMain] Starting TechnicalPrashikshanApplication using Java 17.0.1 on BornToCode with PID 112232 (C:\Technical_Prashikshan\Spring_Boot\TechnicalPrashikshan\TechnicalPrashikshan\target\classes started by bornt in C:\Technical_Prashikshan\Spring_Boot\TechnicalPrashikshan\TechnicalPrashikshan)
2022-03-22 12:44:34,102 INFO com.technicalprashikshan.main.TechnicalPrashikshanApplication [restartedMain] No active profile set, falling back to default profiles: default
2022-03-22 12:44:34,438 INFO com.technicalprashikshan.main.controller.BankingDetailsController [restartedMain] BankingDetailsController object created
2022-03-22 12:44:34,461 INFO com.technicalprashikshan.main.controller.ClientDetailsController [restartedMain] ClientDetailsController object created
2022-03-22 12:44:34,469 INFO com.technicalprashikshan.main.controller.ContactDetailsController [restartedMain] ContactDetailsController object created
2022-03-22 12:44:34,470 INFO com.technicalprashikshan.main.service.ContactDetailsService [restartedMain] ContactDetailsService object created
2022-03-22 12:44:34,475 INFO com.technicalprashikshan.main.controller.DaysDetailsController [restartedMain] DaysDetailsController object created
2022-03-22 12:44:34,481 INFO com.technicalprashikshan.main.controller.FilesDetailsController [restartedMain] FilesDetailsController object created
2022-03-22 12:44:34,485 INFO com.technicalprashikshan.main.controller.FinancialYearDetailsController [restartedMain] FinancialYearDetailsController object created
2022-03-22 12:44:34,492 INFO com.technicalprashikshan.main.controller.InvoiceDetailsController [restartedMain] InvoiceDetailsController object created
2022-03-22 12:44:34,498 INFO com.technicalprashikshan.main.controller.MonthsDetailsController [restartedMain] MonthsDetailsController object created
2022-03-22 12:44:34,504 INFO com.technicalprashikshan.main.controller.PurchaseOrderDetailsController [restartedMain] PurchaseOrderDetailsController object created
2022-03-22 12:44:34,511 INFO com.technicalprashikshan.main.controller.TrainerDetailsController [restartedMain] TrainerDetailsController object created
2022-03-22 12:44:34,516 INFO com.technicalprashikshan.main.controller.TrainingDatesDetailsController [restartedMain] TrainingDatesDetailsController object created
2022-03-22 12:44:34,524 INFO com.technicalprashikshan.main.controller.TrainingDetailsController [restartedMain] TrainingDetailsController object created
2022-03-22 12:44:34,529 INFO com.technicalprashikshan.main.controller.UserDetailsController [restartedMain] UserDetailsController object created
2022-03-22 12:44:34,535 INFO com.technicalprashikshan.main.controller.VendorDetailsController [restartedMain] VendorDetailsController object created
2022-03-22 12:44:34,692 INFO com.technicalprashikshan.main.TechnicalPrashikshanApplication [restartedMain] Started TechnicalPrashikshanApplication in 0.62 seconds (JVM running for 187.017)
2022-03-22 12:44:34,694 INFO com.technicalprashikshan.main.TechnicalPrashikshanApplication [restartedMain] Spring Boot application is deployed successfully!!
2022-03-22 12:44:36,224 INFO com.technicalprashikshan.main.TechnicalPrashikshanApplication [restartedMain] logger is configured successfully!
2022-03-22 12:44:36,259 INFO com.technicalprashikshan.main.TechnicalPrashikshanApplication [restartedMain] Starting TechnicalPrashikshanApplication using Java 17.0.1 on BornToCode with PID 112232 (C:\Technical_Prashikshan\Spring_Boot\TechnicalPrashikshan\TechnicalPrashikshan\target\classes started by bornt in C:\Technical_Prashikshan\Spring_Boot\TechnicalPrashikshan\TechnicalPrashikshan)
2022-03-22 12:44:36,259 INFO com.technicalprashikshan.main.TechnicalPrashikshanApplication [restartedMain] No active profile set, falling back to default profiles: default
2022-03-22 12:44:36,558 INFO com.technicalprashikshan.main.controller.BankingDetailsController [restartedMain] BankingDetailsController object created
2022-03-22 12:44:36,578 INFO com.technicalprashikshan.main.controller.ClientDetailsController [restartedMain] ClientDetailsController object created
2022-03-22 12:44:36,584 INFO com.technicalprashikshan.main.controller.ContactDetailsController [restartedMain] ContactDetailsController object created
2022-03-22 12:44:36,585 INFO com.technicalprashikshan.main.service.ContactDetailsService [restartedMain] ContactDetailsService object created
2022-03-22 12:44:36,590 INFO com.technicalprashikshan.main.controller.DaysDetailsController [restartedMain] DaysDetailsController object created
2022-03-22 12:44:36,595 INFO com.technicalprashikshan.main.controller.FilesDetailsController [restartedMain] FilesDetailsController object created
2022-03-22 12:44:36,600 INFO com.technicalprashikshan.main.controller.FinancialYearDetailsController [restartedMain] FinancialYearDetailsController object created
2022-03-22 12:44:36,605 INFO com.technicalprashikshan.main.controller.InvoiceDetailsController [restartedMain] InvoiceDetailsController object created
2022-03-22 12:44:36,611 INFO com.technicalprashikshan.main.controller.MonthsDetailsController [restartedMain] MonthsDetailsController object created
2022-03-22 12:44:36,617 INFO com.technicalprashikshan.main.controller.PurchaseOrderDetailsController [restartedMain] PurchaseOrderDetailsController object created
2022-03-22 12:44:36,621 INFO com.technicalprashikshan.main.controller.TrainerDetailsController [restartedMain] TrainerDetailsController object created
2022-03-22 12:44:36,628 INFO com.technicalprashikshan.main.controller.TrainingDatesDetailsController [restartedMain] TrainingDatesDetailsController object created
2022-03-22 12:44:36,632 INFO com.technicalprashikshan.main.controller.TrainingDetailsController [restartedMain] TrainingDetailsController object created
2022-03-22 12:44:36,636 INFO com.technicalprashikshan.main.controller.UserDetailsController [restartedMain] UserDetailsController object created
2022-03-22 12:44:36,641 INFO com.technicalprashikshan.main.controller.VendorDetailsController [restartedMain] VendorDetailsController object created
2022-03-22 12:44:36,758 INFO com.technicalprashikshan.main.TechnicalPrashikshanApplication [restartedMain] Started TechnicalPrashikshanApplication in 0.528 seconds (JVM running for 189.083)
2022-03-22 12:44:36,760 INFO com.technicalprashikshan.main.TechnicalPrashikshanApplication [restartedMain] Spring Boot application is deployed successfully!!
2022-03-22 12:44:38,351 INFO com.technicalprashikshan.main.controller.UserDetailsController [http-nio-8080-exec-2] userLogin
2022-03-22 12:44:38,352 INFO com.technicalprashikshan.main.controller.UserDetailsController [http-nio-8080-exec-2] UserDetails [userId=1, password=Bahubali@01, role=null]
2022-03-22 12:44:38,360 INFO com.technicalprashikshan.main.dao.rowmappers.UserDetailsRowMapper [http-nio-8080-exec-2] UserDetailsRowMapper mapRow
2022-03-22 12:44:38,360 INFO com.technicalprashikshan.main.dao.rowmappers.UserDetailsRowMapper [http-nio-8080-exec-2] UserDetails [userId=1, password=Bahubali@01, role=Trainer]
2022-03-22 13:12:30,442 INFO com.technicalprashikshan.main.TechnicalPrashikshanApplication [main] logger is configured successfully!
2022-03-22 13:12:30,617 INFO com.technicalprashikshan.main.TechnicalPrashikshanApplication [restartedMain] logger is configured successfully!
2022-03-22 13:12:30,930 INFO com.technicalprashikshan.main.TechnicalPrashikshanApplication [restartedMain] Starting TechnicalPrashikshanApplication using Java 17.0.1 on BornToCode with PID 112176 (C:\Technical_Prashikshan\Spring_Boot\TechnicalPrashikshan\TechnicalPrashikshan\target\classes started by bornt in C:\Technical_Prashikshan\Spring_Boot\TechnicalPrashikshan\TechnicalPrashikshan)
2022-03-22 13:12:30,931 INFO com.technicalprashikshan.main.TechnicalPrashikshanApplication [restartedMain] No active profile set, falling back to default profiles: default
2022-03-22 13:12:32,193 INFO com.technicalprashikshan.main.controller.BankingDetailsController [restartedMain] BankingDetailsController object created
2022-03-22 13:12:32,266 INFO com.technicalprashikshan.main.controller.ClientDetailsController [restartedMain] ClientDetailsController object created
2022-03-22 13:12:32,274 INFO com.technicalprashikshan.main.controller.ContactDetailsController [restartedMain] ContactDetailsController object created
2022-03-22 13:12:32,275 INFO com.technicalprashikshan.main.service.ContactDetailsService [restartedMain] ContactDetailsService object created
2022-03-22 13:12:32,282 INFO com.technicalprashikshan.main.controller.DaysDetailsController [restartedMain] DaysDetailsController object created
2022-03-22 13:12:32,289 INFO com.technicalprashikshan.main.controller.FilesDetailsController [restartedMain] FilesDetailsController object created
2022-03-22 13:12:32,298 INFO com.technicalprashikshan.main.controller.FinancialYearDetailsController [restartedMain] FinancialYearDetailsController object created
2022-03-22 13:12:32,307 INFO com.technicalprashikshan.main.controller.InvoiceDetailsController [restartedMain] InvoiceDetailsController object created
2022-03-22 13:12:32,315 INFO com.technicalprashikshan.main.controller.MonthsDetailsController [restartedMain] MonthsDetailsController object created
2022-03-22 13:12:32,321 INFO com.technicalprashikshan.main.controller.PurchaseOrderDetailsController [restartedMain] PurchaseOrderDetailsController object created
2022-03-22 13:12:32,326 INFO com.technicalprashikshan.main.controller.TrainerDetailsController [restartedMain] TrainerDetailsController object created
2022-03-22 13:12:32,333 INFO com.technicalprashikshan.main.controller.TrainingDatesDetailsController [restartedMain] TrainingDatesDetailsController object created
2022-03-22 13:12:32,341 INFO com.technicalprashikshan.main.controller.TrainingDetailsController [restartedMain] TrainingDetailsController object created
2022-03-22 13:12:32,348 INFO com.technicalprashikshan.main.controller.UserDetailsController [restartedMain] UserDetailsController object created
2022-03-22 13:12:32,356 INFO com.technicalprashikshan.main.controller.VendorDetailsController [restartedMain] VendorDetailsController object created
2022-03-22 13:12:33,336 INFO com.technicalprashikshan.main.TechnicalPrashikshanApplication [restartedMain] Started TechnicalPrashikshanApplication in 2.711 seconds (JVM running for 3.249)
2022-03-22 13:12:33,340 INFO com.technicalprashikshan.main.TechnicalPrashikshanApplication [restartedMain] Spring Boot application is deployed successfully!!
2022-03-22 13:16:39,032 INFO com.technicalprashikshan.main.TechnicalPrashikshanApplication [restartedMain] logger is configured successfully!
2022-03-22 13:16:39,066 INFO com.technicalprashikshan.main.TechnicalPrashikshanApplication [restartedMain] Starting TechnicalPrashikshanApplication using Java 17.0.1 on BornToCode with PID 112176 (C:\Technical_Prashikshan\Spring_Boot\TechnicalPrashikshan\TechnicalPrashikshan\target\classes started by bornt in C:\Technical_Prashikshan\Spring_Boot\TechnicalPrashikshan\TechnicalPrashikshan)
2022-03-22 13:16:39,066 INFO com.technicalprashikshan.main.TechnicalPrashikshanApplication [restartedMain] No active profile set, falling back to default profiles: default
2022-03-22 13:16:39,387 INFO com.technicalprashikshan.main.controller.BankingDetailsController [restartedMain] BankingDetailsController object created
2022-03-22 13:16:39,414 INFO com.technicalprashikshan.main.controller.ClientDetailsController [restartedMain] ClientDetailsController object created
2022-03-22 13:16:39,420 INFO com.technicalprashikshan.main.controller.ContactDetailsController [restartedMain] ContactDetailsController object created
2022-03-22 13:16:39,421 INFO com.technicalprashikshan.main.service.ContactDetailsService [restartedMain] ContactDetailsService object created
2022-03-22 13:16:39,426 INFO com.technicalprashikshan.main.controller.DaysDetailsController [restartedMain] DaysDetailsController object created
2022-03-22 13:16:39,432 INFO com.technicalprashikshan.main.controller.FilesDetailsController [restartedMain] FilesDetailsController object created
2022-03-22 13:16:39,437 INFO com.technicalprashikshan.main.controller.FinancialYearDetailsController [restartedMain] FinancialYearDetailsController object created
2022-03-22 13:16:39,443 INFO com.technicalprashikshan.main.controller.InvoiceDetailsController [restartedMain] InvoiceDetailsController object created
2022-03-22 13:16:39,449 INFO com.technicalprashikshan.main.controller.MonthsDetailsController [restartedMain] MonthsDetailsController object created
2022-03-22 13:16:39,453 INFO com.technicalprashikshan.main.controller.PurchaseOrderDetailsController [restartedMain] PurchaseOrderDetailsController object created
2022-03-22 13:16:39,460 INFO com.technicalprashikshan.main.controller.TrainerDetailsController [restartedMain] TrainerDetailsController object created
2022-03-22 13:16:39,465 INFO com.technicalprashikshan.main.controller.TrainingDatesDetailsController [restartedMain] TrainingDatesDetailsController object created
2022-03-22 13:16:39,469 INFO com.technicalprashikshan.main.controller.TrainingDetailsController [restartedMain] TrainingDetailsController object created
2022-03-22 13:16:39,473 INFO com.technicalprashikshan.main.controller.UserDetailsController [restartedMain] UserDetailsController object created
2022-03-22 13:16:39,479 INFO com.technicalprashikshan.main.controller.VendorDetailsController [restartedMain] VendorDetailsController object created
2022-03-22 13:16:39,616 INFO com.technicalprashikshan.main.TechnicalPrashikshanApplication [restartedMain] Started TechnicalPrashikshanApplication in 0.579 seconds (JVM running for 249.53)
2022-03-22 13:16:39,619 INFO com.technicalprashikshan.main.TechnicalPrashikshanApplication [restartedMain] Spring Boot application is deployed successfully!!
2022-03-22 13:17:15,487 INFO com.technicalprashikshan.main.controller.UserDetailsController [http-nio-8080-exec-3] userLogin
2022-03-22 13:17:15,488 INFO com.technicalprashikshan.main.controller.UserDetailsController [http-nio-8080-exec-3] UserDetails [userId=1, password=Bahubali@01, role=]
2022-03-22 13:17:15,530 INFO com.technicalprashikshan.main.dao.rowmappers.UserDetailsRowMapper [http-nio-8080-exec-3] UserDetailsRowMapper mapRow
2022-03-22 13:17:15,531 INFO com.technicalprashikshan.main.dao.rowmappers.UserDetailsRowMapper [http-nio-8080-exec-3] UserDetails [userId=1, password=Bahubali@01, role=Trainer]
2022-03-22 13:25:37,549 INFO com.technicalprashikshan.main.controller.UserDetailsController [http-nio-8080-exec-5] userLogin
2022-03-22 13:25:37,550 INFO com.technicalprashikshan.main.controller.UserDetailsController [http-nio-8080-exec-5] UserDetails [userId=1, password=Bahubali@01, role=]
2022-03-22 13:25:37,552 INFO com.technicalprashikshan.main.dao.rowmappers.UserDetailsRowMapper [http-nio-8080-exec-5] UserDetailsRowMapper mapRow
2022-03-22 13:25:37,553 INFO com.technicalprashikshan.main.dao.rowmappers.UserDetailsRowMapper [http-nio-8080-exec-5] UserDetails [userId=1, password=Bahubali@01, role=Trainer]
2022-03-22 15:55:42,959 INFO com.technicalprashikshan.main.TechnicalPrashikshanApplication [main] logger is configured successfully!
2022-03-22 15:55:43,138 INFO com.technicalprashikshan.main.TechnicalPrashikshanApplication [restartedMain] logger is configured successfully!
2022-03-22 15:55:43,420 INFO com.technicalprashikshan.main.TechnicalPrashikshanApplication [restartedMain] Starting TechnicalPrashikshanApplication using Java 17.0.1 on BornToCode with PID 26656 (C:\Technical_Prashikshan\Spring_Boot\TechnicalPrashikshan\TechnicalPrashikshan\target\classes started by bornt in C:\Technical_Prashikshan\Spring_Boot\TechnicalPrashikshan\TechnicalPrashikshan)
2022-03-22 15:55:43,421 INFO com.technicalprashikshan.main.TechnicalPrashikshanApplication [restartedMain] No active profile set, falling back to default profiles: default
2022-03-22 15:55:44,925 INFO com.technicalprashikshan.main.controller.BankingDetailsController [restartedMain] BankingDetailsController object created
2022-03-22 15:55:45,018 INFO com.technicalprashikshan.main.controller.ClientDetailsController [restartedMain] ClientDetailsController object created
2022-03-22 15:55:45,026 INFO com.technicalprashikshan.main.controller.ContactDetailsController [restartedMain] ContactDetailsController object created
2022-03-22 15:55:45,027 INFO com.technicalprashikshan.main.service.ContactDetailsService [restartedMain] ContactDetailsService object created
2022-03-22 15:55:45,035 INFO com.technicalprashikshan.main.controller.DaysDetailsController [restartedMain] DaysDetailsController object created
2022-03-22 15:55:45,044 INFO com.technicalprashikshan.main.controller.FilesDetailsController [restartedMain] FilesDetailsController object created
2022-03-22 15:55:45,053 INFO com.technicalprashikshan.main.controller.FinancialYearDetailsController [restartedMain] FinancialYearDetailsController object created
2022-03-22 15:55:45,062 INFO com.technicalprashikshan.main.controller.InvoiceDetailsController [restartedMain] InvoiceDetailsController object created
2022-03-22 15:55:45,070 INFO com.technicalprashikshan.main.controller.MonthsDetailsController [restartedMain] MonthsDetailsController object created
2022-03-22 15:55:45,079 INFO com.technicalprashikshan.main.controller.PurchaseOrderDetailsController [restartedMain] PurchaseOrderDetailsController object created
2022-03-22 15:55:45,087 INFO com.technicalprashikshan.main.controller.TrainerDetailsController [restartedMain] TrainerDetailsController object created
2022-03-22 15:55:45,095 INFO com.technicalprashikshan.main.controller.TrainingDatesDetailsController [restartedMain] TrainingDatesDetailsController object created
2022-03-22 15:55:45,103 INFO com.technicalprashikshan.main.controller.TrainingDetailsController [restartedMain] TrainingDetailsController object created
2022-03-22 15:55:45,110 INFO com.technicalprashikshan.main.controller.UserDetailsController [restartedMain] UserDetailsController object created
2022-03-22 15:55:45,117 INFO com.technicalprashikshan.main.controller.VendorDetailsController [restartedMain] VendorDetailsController object created
2022-03-22 15:55:46,201 INFO com.technicalprashikshan.main.TechnicalPrashikshanApplication [restartedMain] Started TechnicalPrashikshanApplication in 3.057 seconds (JVM running for 3.629)
2022-03-22 15:55:46,206 INFO com.technicalprashikshan.main.TechnicalPrashikshanApplication [restartedMain] Spring Boot application is deployed successfully!!
2022-03-22 15:56:20,567 INFO com.technicalprashikshan.main.controller.UserDetailsController [http-nio-8080-exec-2] userLogin
2022-03-22 15:56:20,567 INFO com.technicalprashikshan.main.controller.UserDetailsController [http-nio-8080-exec-2] UserDetails [userId=1, password=Bahubali@01, role=]
2022-03-22 15:56:20,605 INFO com.technicalprashikshan.main.dao.rowmappers.UserDetailsRowMapper [http-nio-8080-exec-2] UserDetailsRowMapper mapRow
2022-03-22 15:56:20,606 INFO com.technicalprashikshan.main.dao.rowmappers.UserDetailsRowMapper [http-nio-8080-exec-2] UserDetails [userId=1, password=Bahubali@01, role=Trainer]
2022-03-22 15:57:38,376 INFO com.technicalprashikshan.main.controller.UserDetailsController [http-nio-8080-exec-4] userLogin
2022-03-22 15:57:38,377 INFO com.technicalprashikshan.main.controller.UserDetailsController [http-nio-8080-exec-4] UserDetails [userId=1, password=Bahubali@01, role=]
2022-03-22 15:57:38,379 INFO com.technicalprashikshan.main.dao.rowmappers.UserDetailsRowMapper [http-nio-8080-exec-4] UserDetailsRowMapper mapRow
2022-03-22 15:57:38,380 INFO com.technicalprashikshan.main.dao.rowmappers.UserDetailsRowMapper [http-nio-8080-exec-4] UserDetails [userId=1, password=Bahubali@01, role=Trainer]
2022-03-22 15:59:25,135 INFO com.technicalprashikshan.main.controller.UserDetailsController [http-nio-8080-exec-6] userLogin
2022-03-22 15:59:25,135 INFO com.technicalprashikshan.main.controller.UserDetailsController [http-nio-8080-exec-6] UserDetails [userId=1, password=Bahubali@01, role=]
2022-03-22 15:59:25,137 INFO com.technicalprashikshan.main.dao.rowmappers.UserDetailsRowMapper [http-nio-8080-exec-6] UserDetailsRowMapper mapRow
2022-03-22 15:59:25,137 INFO com.technicalprashikshan.main.dao.rowmappers.UserDetailsRowMapper [http-nio-8080-exec-6] UserDetails [userId=1, password=Bahubali@01, role=Trainer]
2022-03-22 16:07:19,805 INFO com.technicalprashikshan.main.controller.UserDetailsController [http-nio-8080-exec-9] userLogin
2022-03-22 16:07:19,806 INFO com.technicalprashikshan.main.controller.UserDetailsController [http-nio-8080-exec-9] UserDetails [userId=1, password=Bahubali@01, role=]
2022-03-22 16:07:19,808 INFO com.technicalprashikshan.main.dao.rowmappers.UserDetailsRowMapper [http-nio-8080-exec-9] UserDetailsRowMapper mapRow
2022-03-22 16:07:19,808 INFO com.technicalprashikshan.main.dao.rowmappers.UserDetailsRowMapper [http-nio-8080-exec-9] UserDetails [userId=1, password=Bahubali@01, role=Trainer]
2022-03-22 16:18:25,563 INFO com.technicalprashikshan.main.controller.UserDetailsController [http-nio-8080-exec-2] Retriving all client details
2022-03-22 16:18:25,567 INFO com.technicalprashikshan.main.dao.rowmappers.UserDetailsRowMapper [http-nio-8080-exec-2] UserDetailsRowMapper mapRow
2022-03-22 16:18:25,567 INFO com.technicalprashikshan.main.dao.rowmappers.UserDetailsRowMapper [http-nio-8080-exec-2] UserDetails [userId=1, password=Bahubali@01, role=Trainer]
2022-03-22 16:18:25,567 INFO com.technicalprashikshan.main.dao.rowmappers.UserDetailsRowMapper [http-nio-8080-exec-2] UserDetailsRowMapper mapRow
2022-03-22 16:18:25,567 INFO com.technicalprashikshan.main.dao.rowmappers.UserDetailsRowMapper [http-nio-8080-exec-2] UserDetails [userId=2, password=Bahubali@01, role=Admin]
2022-03-22 16:27:33,952 INFO com.technicalprashikshan.main.controller.UserDetailsController [http-nio-8080-exec-5] userLogin
2022-03-22 16:27:33,952 INFO com.technicalprashikshan.main.controller.UserDetailsController [http-nio-8080-exec-5] UserDetails [userId=1, password=Bahubali@01, role=]
2022-03-22 16:27:33,955 INFO com.technicalprashikshan.main.dao.rowmappers.UserDetailsRowMapper [http-nio-8080-exec-5] UserDetailsRowMapper mapRow
2022-03-22 16:27:33,955 INFO com.technicalprashikshan.main.dao.rowmappers.UserDetailsRowMapper [http-nio-8080-exec-5] UserDetails [userId=1, password=Bahubali@01, role=Trainer]
2022-03-22 16:31:13,540 INFO com.technicalprashikshan.main.controller.UserDetailsController [http-nio-8080-exec-7] userLogin
2022-03-22 16:31:13,541 INFO com.technicalprashikshan.main.controller.UserDetailsController [http-nio-8080-exec-7] UserDetails [userId=1, password=Bahubali@01, role=]
2022-03-22 16:31:13,543 INFO com.technicalprashikshan.main.dao.rowmappers.UserDetailsRowMapper [http-nio-8080-exec-7] UserDetailsRowMapper mapRow
2022-03-22 16:31:13,544 INFO com.technicalprashikshan.main.dao.rowmappers.UserDetailsRowMapper [http-nio-8080-exec-7] UserDetails [userId=1, password=Bahubali@01, role=Trainer]
2022-03-22 16:34:59,481 INFO com.technicalprashikshan.main.controller.UserDetailsController [http-nio-8080-exec-9] userLogin
2022-03-22 16:34:59,481 INFO com.technicalprashikshan.main.controller.UserDetailsController [http-nio-8080-exec-9] UserDetails [userId=1, password=Bahubali@01, role=]
2022-03-22 16:34:59,483 INFO com.technicalprashikshan.main.dao.rowmappers.UserDetailsRowMapper [http-nio-8080-exec-9] UserDetailsRowMapper mapRow
2022-03-22 16:34:59,483 INFO com.technicalprashikshan.main.dao.rowmappers.UserDetailsRowMapper [http-nio-8080-exec-9] UserDetails [userId=1, password=Bahubali@01, role=Trainer]
2022-03-22 16:41:59,402 INFO com.technicalprashikshan.main.controller.UserDetailsController [http-nio-8080-exec-1] userLogin
2022-03-22 16:41:59,403 INFO com.technicalprashikshan.main.controller.UserDetailsController [http-nio-8080-exec-1] UserDetails [userId=1, password=Bahubali@01, role=]
2022-03-22 16:41:59,405 INFO com.technicalprashikshan.main.dao.rowmappers.UserDetailsRowMapper [http-nio-8080-exec-1] UserDetailsRowMapper mapRow
2022-03-22 16:41:59,405 INFO com.technicalprashikshan.main.dao.rowmappers.UserDetailsRowMapper [http-nio-8080-exec-1] UserDetails [userId=1, password=Bahubali@01, role=Trainer]
2022-03-22 16:50:17,265 INFO com.technicalprashikshan.main.controller.UserDetailsController [http-nio-8080-exec-3] userLogin
2022-03-22 16:50:17,266 INFO com.technicalprashikshan.main.controller.UserDetailsController [http-nio-8080-exec-3] UserDetails [userId=1, password=Bahubali@01, role=]
2022-03-22 16:50:17,268 INFO com.technicalprashikshan.main.dao.rowmappers.UserDetailsRowMapper [http-nio-8080-exec-3] UserDetailsRowMapper mapRow
2022-03-22 16:50:17,268 INFO com.technicalprashikshan.main.dao.rowmappers.UserDetailsRowMapper [http-nio-8080-exec-3] UserDetails [userId=1, password=Bahubali@01, role=Trainer]
2022-03-22 16:51:48,432 INFO com.technicalprashikshan.main.controller.UserDetailsController [http-nio-8080-exec-5] userLogin
2022-03-22 16:51:48,432 INFO com.technicalprashikshan.main.controller.UserDetailsController [http-nio-8080-exec-5] UserDetails [userId=1, password=Bahubali@01, role=]
2022-03-22 16:51:48,434 INFO com.technicalprashikshan.main.dao.rowmappers.UserDetailsRowMapper [http-nio-8080-exec-5] UserDetailsRowMapper mapRow
2022-03-22 16:51:48,434 INFO com.technicalprashikshan.main.dao.rowmappers.UserDetailsRowMapper [http-nio-8080-exec-5] UserDetails [userId=1, password=Bahubali@01, role=Trainer]
2022-03-22 16:57:31,275 INFO com.technicalprashikshan.main.controller.UserDetailsController [http-nio-8080-exec-7] userLogin
2022-03-22 16:57:31,276 INFO com.technicalprashikshan.main.controller.UserDetailsController [http-nio-8080-exec-7] UserDetails [userId=1, password=Bahubali@01, role=]
2022-03-22 16:57:31,277 INFO com.technicalprashikshan.main.dao.rowmappers.UserDetailsRowMapper [http-nio-8080-exec-7] UserDetailsRowMapper mapRow
2022-03-22 16:57:31,277 INFO com.technicalprashikshan.main.dao.rowmappers.UserDetailsRowMapper [http-nio-8080-exec-7] UserDetails [userId=1, password=Bahubali@01, role=Trainer]
