2022-02-23 00:21:36,005 INFO com.technicalprashikshan.main.TechnicalPrashikshanApplication [main] logger is configured successfully!
2022-02-23 00:21:36,248 INFO com.technicalprashikshan.main.TechnicalPrashikshanApplication [restartedMain] logger is configured successfully!
2022-02-23 00:21:36,742 INFO com.technicalprashikshan.main.TechnicalPrashikshanApplication [restartedMain] Starting TechnicalPrashikshanApplication using Java 11.0.12 on LAPTOP-6A9V4K7J with PID 22536 (C:\Code\TechnicalPrashikshan\SpringBoot\TechnicalPrashikshan\target\classes started by bornt in C:\Code\TechnicalPrashikshan\SpringBoot\TechnicalPrashikshan)
2022-02-23 00:21:36,742 INFO com.technicalprashikshan.main.TechnicalPrashikshanApplication [restartedMain] No active profile set, falling back to default profiles: default
2022-02-23 00:21:38,505 INFO com.technicalprashikshan.main.controller.ContactDetailsController [restartedMain] ContactDetailsController object created
2022-02-23 00:21:38,508 INFO com.technicalprashikshan.main.service.ContactDetailsService [restartedMain] ContactDetailsService object created
2022-02-23 00:21:39,566 INFO com.technicalprashikshan.main.TechnicalPrashikshanApplication [restartedMain] Started TechnicalPrashikshanApplication in 3.309 seconds (JVM running for 3.979)
2022-02-23 00:21:39,570 INFO com.technicalprashikshan.main.TechnicalPrashikshanApplication [restartedMain] Spring-boot application is deployed successfully
2022-02-23 00:22:21,284 INFO com.technicalprashikshan.main.controller.ContactDetailsController [http-nio-8080-exec-1] 1
2022-02-23 00:22:21,288 INFO com.technicalprashikshan.main.service.ContactDetailsService [http-nio-8080-exec-1] ContactDetailsService getContactDetailsByContactId
2022-02-23 00:22:21,334 INFO com.technicalprashikshan.main.dao.rowmappers.ContactDetailsRowMapper [http-nio-8080-exec-1] ContactDetailsRowMapper object created
2022-02-23 00:22:21,480 INFO com.technicalprashikshan.main.dao.rowmappers.ContactDetailsRowMapper [http-nio-8080-exec-1] ContactDetailsRowMapper mapRow
2022-02-23 00:22:21,482 INFO com.technicalprashikshan.main.dao.rowmappers.ContactDetailsRowMapper [http-nio-8080-exec-1] ContactDetails [contactId=1, firstName=Trupti, lastName=Acharekar, email=truptiga@gmail.com, contactNumber=9920728158]
2022-02-23 00:23:14,913 INFO com.technicalprashikshan.main.controller.ContactDetailsController [http-nio-8080-exec-3] Retriving all contact details
2022-02-23 00:23:14,914 INFO com.technicalprashikshan.main.service.ContactDetailsService [http-nio-8080-exec-3] ContactDetailsService getAllContactDetails
2022-02-23 00:23:14,915 INFO com.technicalprashikshan.main.dao.rowmappers.ContactDetailsRowMapper [http-nio-8080-exec-3] ContactDetailsRowMapper object created
2022-02-23 00:23:14,917 INFO com.technicalprashikshan.main.dao.rowmappers.ContactDetailsRowMapper [http-nio-8080-exec-3] ContactDetailsRowMapper mapRow
2022-02-23 00:23:14,918 INFO com.technicalprashikshan.main.dao.rowmappers.ContactDetailsRowMapper [http-nio-8080-exec-3] ContactDetails [contactId=3, firstName=Bahubali, lastName=Acharekar, email=bahubali@gmail.com, contactNumber=9920728158]
2022-02-23 00:23:14,918 INFO com.technicalprashikshan.main.dao.rowmappers.ContactDetailsRowMapper [http-nio-8080-exec-3] ContactDetailsRowMapper mapRow
2022-02-23 00:23:14,918 INFO com.technicalprashikshan.main.dao.rowmappers.ContactDetailsRowMapper [http-nio-8080-exec-3] ContactDetails [contactId=6, firstName=Test, lastName=Test, email=ghl_vivek@hotmail.com, contactNumber=09920728158]
2022-02-23 00:23:14,918 INFO com.technicalprashikshan.main.dao.rowmappers.ContactDetailsRowMapper [http-nio-8080-exec-3] ContactDetailsRowMapper mapRow
2022-02-23 00:23:14,918 INFO com.technicalprashikshan.main.dao.rowmappers.ContactDetailsRowMapper [http-nio-8080-exec-3] ContactDetails [contactId=1, firstName=Trupti, lastName=Acharekar, email=truptiga@gmail.com, contactNumber=9920728158]
2022-02-23 00:23:14,918 INFO com.technicalprashikshan.main.dao.rowmappers.ContactDetailsRowMapper [http-nio-8080-exec-3] ContactDetailsRowMapper mapRow
2022-02-23 00:23:14,919 INFO com.technicalprashikshan.main.dao.rowmappers.ContactDetailsRowMapper [http-nio-8080-exec-3] ContactDetails [contactId=2, firstName=Vivek, lastName=Gohil, email=vivekgohil@technicalprashikshan.com, contactNumber=9920728158]
2022-02-23 00:23:14,919 INFO com.technicalprashikshan.main.dao.rowmappers.ContactDetailsRowMapper [http-nio-8080-exec-3] ContactDetailsRowMapper mapRow
2022-02-23 00:23:14,919 INFO com.technicalprashikshan.main.dao.rowmappers.ContactDetailsRowMapper [http-nio-8080-exec-3] ContactDetails [contactId=5, firstName=Vivek, lastName=Gohil, email=ghl_vivek@hotmail.com, contactNumber=09920728158]
2022-02-23 00:29:33,612 INFO com.technicalprashikshan.main.controller.ContactDetailsController [http-nio-8080-exec-5] Retriving all contact details
2022-02-23 00:29:33,613 INFO com.technicalprashikshan.main.service.ContactDetailsService [http-nio-8080-exec-5] ContactDetailsService getAllContactDetails
2022-02-23 00:29:33,613 INFO com.technicalprashikshan.main.dao.rowmappers.ContactDetailsRowMapper [http-nio-8080-exec-5] ContactDetailsRowMapper object created
2022-02-23 00:29:33,618 INFO com.technicalprashikshan.main.dao.rowmappers.ContactDetailsRowMapper [http-nio-8080-exec-5] ContactDetailsRowMapper mapRow
2022-02-23 00:29:33,619 INFO com.technicalprashikshan.main.dao.rowmappers.ContactDetailsRowMapper [http-nio-8080-exec-5] ContactDetails [contactId=3, firstName=Bahubali, lastName=Acharekar, email=bahubali@gmail.com, contactNumber=9920728158]
2022-02-23 00:29:33,619 INFO com.technicalprashikshan.main.dao.rowmappers.ContactDetailsRowMapper [http-nio-8080-exec-5] ContactDetailsRowMapper mapRow
2022-02-23 00:29:33,619 INFO com.technicalprashikshan.main.dao.rowmappers.ContactDetailsRowMapper [http-nio-8080-exec-5] ContactDetails [contactId=6, firstName=Test, lastName=Test, email=ghl_vivek@hotmail.com, contactNumber=09920728158]
2022-02-23 00:29:33,619 INFO com.technicalprashikshan.main.dao.rowmappers.ContactDetailsRowMapper [http-nio-8080-exec-5] ContactDetailsRowMapper mapRow
2022-02-23 00:29:33,619 INFO com.technicalprashikshan.main.dao.rowmappers.ContactDetailsRowMapper [http-nio-8080-exec-5] ContactDetails [contactId=1, firstName=Trupti, lastName=Acharekar, email=truptiga@gmail.com, contactNumber=9920728158]
2022-02-23 00:29:33,620 INFO com.technicalprashikshan.main.dao.rowmappers.ContactDetailsRowMapper [http-nio-8080-exec-5] ContactDetailsRowMapper mapRow
2022-02-23 00:29:33,620 INFO com.technicalprashikshan.main.dao.rowmappers.ContactDetailsRowMapper [http-nio-8080-exec-5] ContactDetails [contactId=2, firstName=Vivek, lastName=Gohil, email=vivekgohil@technicalprashikshan.com, contactNumber=9920728158]
2022-02-23 00:29:33,620 INFO com.technicalprashikshan.main.dao.rowmappers.ContactDetailsRowMapper [http-nio-8080-exec-5] ContactDetailsRowMapper mapRow
2022-02-23 00:29:33,620 INFO com.technicalprashikshan.main.dao.rowmappers.ContactDetailsRowMapper [http-nio-8080-exec-5] ContactDetails [contactId=5, firstName=Vivek, lastName=Gohil, email=ghl_vivek@hotmail.com, contactNumber=09920728158]
2022-02-23 00:29:41,040 INFO com.technicalprashikshan.main.controller.ContactDetailsController [http-nio-8080-exec-6] 3
2022-02-23 00:29:41,041 INFO com.technicalprashikshan.main.service.ContactDetailsService [http-nio-8080-exec-6] ContactDetailsService getContactDetailsByContactId
2022-02-23 00:29:41,041 INFO com.technicalprashikshan.main.dao.rowmappers.ContactDetailsRowMapper [http-nio-8080-exec-6] ContactDetailsRowMapper object created
2022-02-23 00:29:41,045 INFO com.technicalprashikshan.main.dao.rowmappers.ContactDetailsRowMapper [http-nio-8080-exec-6] ContactDetailsRowMapper mapRow
2022-02-23 00:29:41,046 INFO com.technicalprashikshan.main.dao.rowmappers.ContactDetailsRowMapper [http-nio-8080-exec-6] ContactDetails [contactId=3, firstName=Bahubali, lastName=Acharekar, email=bahubali@gmail.com, contactNumber=9920728158]
2022-02-23 00:29:52,085 INFO com.technicalprashikshan.main.controller.ContactDetailsController [http-nio-8080-exec-8] ContactDetails [contactId=3, firstName=Bahubali, lastName=Gohil, email=bahubali@gmail.com, contactNumber=9920728158]
2022-02-23 00:29:52,086 INFO com.technicalprashikshan.main.service.ContactDetailsService [http-nio-8080-exec-8] ContactDetailsService updateContactDetails
2022-02-23 00:29:52,087 INFO com.technicalprashikshan.main.dao.ContactDetailsDAO [http-nio-8080-exec-8] ContactDetails [contactId=3, firstName=Bahubali, lastName=Gohil, email=bahubali@gmail.com, contactNumber=9920728158]
2022-02-23 00:29:52,096 INFO com.technicalprashikshan.main.dao.ContactDetailsDAO [http-nio-8080-exec-8] Contact Details Updated Successfully
2022-02-23 00:29:57,801 INFO com.technicalprashikshan.main.controller.ContactDetailsController [http-nio-8080-exec-9] Retriving all contact details
2022-02-23 00:29:57,801 INFO com.technicalprashikshan.main.service.ContactDetailsService [http-nio-8080-exec-9] ContactDetailsService getAllContactDetails
2022-02-23 00:29:57,802 INFO com.technicalprashikshan.main.dao.rowmappers.ContactDetailsRowMapper [http-nio-8080-exec-9] ContactDetailsRowMapper object created
2022-02-23 00:29:57,805 INFO com.technicalprashikshan.main.dao.rowmappers.ContactDetailsRowMapper [http-nio-8080-exec-9] ContactDetailsRowMapper mapRow
2022-02-23 00:29:57,807 INFO com.technicalprashikshan.main.dao.rowmappers.ContactDetailsRowMapper [http-nio-8080-exec-9] ContactDetails [contactId=3, firstName=Bahubali, lastName=Gohil, email=bahubali@gmail.com, contactNumber=9920728158]
2022-02-23 00:29:57,807 INFO com.technicalprashikshan.main.dao.rowmappers.ContactDetailsRowMapper [http-nio-8080-exec-9] ContactDetailsRowMapper mapRow
2022-02-23 00:29:57,808 INFO com.technicalprashikshan.main.dao.rowmappers.ContactDetailsRowMapper [http-nio-8080-exec-9] ContactDetails [contactId=6, firstName=Test, lastName=Test, email=ghl_vivek@hotmail.com, contactNumber=09920728158]
2022-02-23 00:29:57,808 INFO com.technicalprashikshan.main.dao.rowmappers.ContactDetailsRowMapper [http-nio-8080-exec-9] ContactDetailsRowMapper mapRow
2022-02-23 00:29:57,808 INFO com.technicalprashikshan.main.dao.rowmappers.ContactDetailsRowMapper [http-nio-8080-exec-9] ContactDetails [contactId=1, firstName=Trupti, lastName=Acharekar, email=truptiga@gmail.com, contactNumber=9920728158]
2022-02-23 00:29:57,808 INFO com.technicalprashikshan.main.dao.rowmappers.ContactDetailsRowMapper [http-nio-8080-exec-9] ContactDetailsRowMapper mapRow
2022-02-23 00:29:57,809 INFO com.technicalprashikshan.main.dao.rowmappers.ContactDetailsRowMapper [http-nio-8080-exec-9] ContactDetails [contactId=2, firstName=Vivek, lastName=Gohil, email=vivekgohil@technicalprashikshan.com, contactNumber=9920728158]
2022-02-23 00:29:57,809 INFO com.technicalprashikshan.main.dao.rowmappers.ContactDetailsRowMapper [http-nio-8080-exec-9] ContactDetailsRowMapper mapRow
2022-02-23 00:29:57,809 INFO com.technicalprashikshan.main.dao.rowmappers.ContactDetailsRowMapper [http-nio-8080-exec-9] ContactDetails [contactId=5, firstName=Vivek, lastName=Gohil, email=ghl_vivek@hotmail.com, contactNumber=09920728158]
2022-02-23 00:30:11,583 INFO com.technicalprashikshan.main.controller.ContactDetailsController [http-nio-8080-exec-10] 3
2022-02-23 00:30:11,584 INFO com.technicalprashikshan.main.service.ContactDetailsService [http-nio-8080-exec-10] ContactDetailsService getContactDetailsByContactId
2022-02-23 00:30:11,584 INFO com.technicalprashikshan.main.dao.rowmappers.ContactDetailsRowMapper [http-nio-8080-exec-10] ContactDetailsRowMapper object created
2022-02-23 00:30:11,588 INFO com.technicalprashikshan.main.dao.rowmappers.ContactDetailsRowMapper [http-nio-8080-exec-10] ContactDetailsRowMapper mapRow
2022-02-23 00:30:11,588 INFO com.technicalprashikshan.main.dao.rowmappers.ContactDetailsRowMapper [http-nio-8080-exec-10] ContactDetails [contactId=3, firstName=Bahubali, lastName=Gohil, email=bahubali@gmail.com, contactNumber=9920728158]
2022-02-23 00:40:31,678 INFO com.technicalprashikshan.main.TechnicalPrashikshanApplication [restartedMain] logger is configured successfully!
2022-02-23 00:40:31,783 INFO com.technicalprashikshan.main.TechnicalPrashikshanApplication [restartedMain] Starting TechnicalPrashikshanApplication using Java 11.0.12 on LAPTOP-6A9V4K7J with PID 22536 (C:\Code\TechnicalPrashikshan\SpringBoot\TechnicalPrashikshan\target\classes started by bornt in C:\Code\TechnicalPrashikshan\SpringBoot\TechnicalPrashikshan)
2022-02-23 00:40:31,783 INFO com.technicalprashikshan.main.TechnicalPrashikshanApplication [restartedMain] No active profile set, falling back to default profiles: default
2022-02-23 00:40:32,500 INFO com.technicalprashikshan.main.controller.ContactDetailsController [restartedMain] ContactDetailsController object created
2022-02-23 00:40:32,501 INFO com.technicalprashikshan.main.service.ContactDetailsService [restartedMain] ContactDetailsService object created
2022-02-23 00:40:32,885 INFO com.technicalprashikshan.main.TechnicalPrashikshanApplication [restartedMain] Started TechnicalPrashikshanApplication in 1.19 seconds (JVM running for 1137.298)
2022-02-23 00:40:32,891 INFO com.technicalprashikshan.main.TechnicalPrashikshanApplication [restartedMain] Spring-boot application is deployed successfully
2022-02-23 00:43:27,286 INFO com.technicalprashikshan.main.TechnicalPrashikshanApplication [restartedMain] logger is configured successfully!
2022-02-23 00:43:27,392 INFO com.technicalprashikshan.main.TechnicalPrashikshanApplication [restartedMain] Starting TechnicalPrashikshanApplication using Java 11.0.12 on LAPTOP-6A9V4K7J with PID 22536 (C:\Code\TechnicalPrashikshan\SpringBoot\TechnicalPrashikshan\target\classes started by bornt in C:\Code\TechnicalPrashikshan\SpringBoot\TechnicalPrashikshan)
2022-02-23 00:43:27,393 INFO com.technicalprashikshan.main.TechnicalPrashikshanApplication [restartedMain] No active profile set, falling back to default profiles: default
2022-02-23 00:43:28,026 INFO com.technicalprashikshan.main.controller.ContactDetailsController [restartedMain] ContactDetailsController object created
2022-02-23 00:43:28,028 INFO com.technicalprashikshan.main.service.ContactDetailsService [restartedMain] ContactDetailsService object created
2022-02-23 00:43:28,383 INFO com.technicalprashikshan.main.TechnicalPrashikshanApplication [restartedMain] Started TechnicalPrashikshanApplication in 1.083 seconds (JVM running for 1312.796)
2022-02-23 00:43:28,386 INFO com.technicalprashikshan.main.TechnicalPrashikshanApplication [restartedMain] Spring-boot application is deployed successfully
2022-02-23 00:43:30,415 INFO com.technicalprashikshan.main.TechnicalPrashikshanApplication [restartedMain] logger is configured successfully!
2022-02-23 00:43:30,511 INFO com.technicalprashikshan.main.TechnicalPrashikshanApplication [restartedMain] Starting TechnicalPrashikshanApplication using Java 11.0.12 on LAPTOP-6A9V4K7J with PID 22536 (C:\Code\TechnicalPrashikshan\SpringBoot\TechnicalPrashikshan\target\classes started by bornt in C:\Code\TechnicalPrashikshan\SpringBoot\TechnicalPrashikshan)
2022-02-23 00:43:30,512 INFO com.technicalprashikshan.main.TechnicalPrashikshanApplication [restartedMain] No active profile set, falling back to default profiles: default
2022-02-23 00:43:31,059 INFO com.technicalprashikshan.main.controller.ContactDetailsController [restartedMain] ContactDetailsController object created
2022-02-23 00:43:31,062 INFO com.technicalprashikshan.main.service.ContactDetailsService [restartedMain] ContactDetailsService object created
2022-02-23 00:43:31,364 INFO com.technicalprashikshan.main.TechnicalPrashikshanApplication [restartedMain] Started TechnicalPrashikshanApplication in 0.939 seconds (JVM running for 1315.776)
2022-02-23 00:43:31,367 INFO com.technicalprashikshan.main.TechnicalPrashikshanApplication [restartedMain] Spring-boot application is deployed successfully
2022-02-23 00:43:45,650 INFO com.technicalprashikshan.main.TechnicalPrashikshanApplication [restartedMain] logger is configured successfully!
2022-02-23 00:43:45,728 INFO com.technicalprashikshan.main.TechnicalPrashikshanApplication [restartedMain] Starting TechnicalPrashikshanApplication using Java 11.0.12 on LAPTOP-6A9V4K7J with PID 22536 (C:\Code\TechnicalPrashikshan\SpringBoot\TechnicalPrashikshan\target\classes started by bornt in C:\Code\TechnicalPrashikshan\SpringBoot\TechnicalPrashikshan)
2022-02-23 00:43:45,728 INFO com.technicalprashikshan.main.TechnicalPrashikshanApplication [restartedMain] No active profile set, falling back to default profiles: default
2022-02-23 00:43:46,248 INFO com.technicalprashikshan.main.controller.ContactDetailsController [restartedMain] ContactDetailsController object created
2022-02-23 00:43:46,251 INFO com.technicalprashikshan.main.service.ContactDetailsService [restartedMain] ContactDetailsService object created
2022-02-23 00:43:46,538 INFO com.technicalprashikshan.main.TechnicalPrashikshanApplication [restartedMain] Started TechnicalPrashikshanApplication in 0.88 seconds (JVM running for 1330.951)
2022-02-23 00:43:46,541 INFO com.technicalprashikshan.main.TechnicalPrashikshanApplication [restartedMain] Spring-boot application is deployed successfully
2022-02-23 00:45:03,389 INFO com.technicalprashikshan.main.TechnicalPrashikshanApplication [restartedMain] logger is configured successfully!
2022-02-23 00:45:03,476 INFO com.technicalprashikshan.main.TechnicalPrashikshanApplication [restartedMain] Starting TechnicalPrashikshanApplication using Java 11.0.12 on LAPTOP-6A9V4K7J with PID 22536 (C:\Code\TechnicalPrashikshan\SpringBoot\TechnicalPrashikshan\target\classes started by bornt in C:\Code\TechnicalPrashikshan\SpringBoot\TechnicalPrashikshan)
2022-02-23 00:45:03,477 INFO com.technicalprashikshan.main.TechnicalPrashikshanApplication [restartedMain] No active profile set, falling back to default profiles: default
2022-02-23 00:45:04,058 INFO com.technicalprashikshan.main.controller.ContactDetailsController [restartedMain] ContactDetailsController object created
2022-02-23 00:45:04,060 INFO com.technicalprashikshan.main.service.ContactDetailsService [restartedMain] ContactDetailsService object created
2022-02-23 00:45:04,355 INFO com.technicalprashikshan.main.TechnicalPrashikshanApplication [restartedMain] Started TechnicalPrashikshanApplication in 0.955 seconds (JVM running for 1408.768)
2022-02-23 00:45:04,358 INFO com.technicalprashikshan.main.TechnicalPrashikshanApplication [restartedMain] Spring-boot application is deployed successfully
2022-02-23 00:45:21,675 INFO com.technicalprashikshan.main.TechnicalPrashikshanApplication [restartedMain] logger is configured successfully!
2022-02-23 00:45:21,739 INFO com.technicalprashikshan.main.TechnicalPrashikshanApplication [restartedMain] Starting TechnicalPrashikshanApplication using Java 11.0.12 on LAPTOP-6A9V4K7J with PID 22536 (C:\Code\TechnicalPrashikshan\SpringBoot\TechnicalPrashikshan\target\classes started by bornt in C:\Code\TechnicalPrashikshan\SpringBoot\TechnicalPrashikshan)
2022-02-23 00:45:21,739 INFO com.technicalprashikshan.main.TechnicalPrashikshanApplication [restartedMain] No active profile set, falling back to default profiles: default
2022-02-23 00:45:22,151 INFO com.technicalprashikshan.main.controller.ContactDetailsController [restartedMain] ContactDetailsController object created
2022-02-23 00:45:22,152 INFO com.technicalprashikshan.main.service.ContactDetailsService [restartedMain] ContactDetailsService object created
2022-02-23 00:45:22,420 INFO com.technicalprashikshan.main.TechnicalPrashikshanApplication [restartedMain] Started TechnicalPrashikshanApplication in 0.737 seconds (JVM running for 1426.833)
2022-02-23 00:45:22,423 INFO com.technicalprashikshan.main.TechnicalPrashikshanApplication [restartedMain] Spring-boot application is deployed successfully
2022-02-23 00:45:32,514 INFO com.technicalprashikshan.main.TechnicalPrashikshanApplication [restartedMain] logger is configured successfully!
2022-02-23 00:45:32,596 INFO com.technicalprashikshan.main.TechnicalPrashikshanApplication [restartedMain] Starting TechnicalPrashikshanApplication using Java 11.0.12 on LAPTOP-6A9V4K7J with PID 22536 (C:\Code\TechnicalPrashikshan\SpringBoot\TechnicalPrashikshan\target\classes started by bornt in C:\Code\TechnicalPrashikshan\SpringBoot\TechnicalPrashikshan)
2022-02-23 00:45:32,597 INFO com.technicalprashikshan.main.TechnicalPrashikshanApplication [restartedMain] No active profile set, falling back to default profiles: default
2022-02-23 00:45:33,137 INFO com.technicalprashikshan.main.controller.ContactDetailsController [restartedMain] ContactDetailsController object created
2022-02-23 00:45:33,140 INFO com.technicalprashikshan.main.service.ContactDetailsService [restartedMain] ContactDetailsService object created
2022-02-23 00:45:33,387 INFO com.technicalprashikshan.main.TechnicalPrashikshanApplication [restartedMain] Started TechnicalPrashikshanApplication in 0.86 seconds (JVM running for 1437.799)
2022-02-23 00:45:33,389 INFO com.technicalprashikshan.main.TechnicalPrashikshanApplication [restartedMain] Spring-boot application is deployed successfully
2022-02-23 00:45:35,362 INFO com.technicalprashikshan.main.TechnicalPrashikshanApplication [restartedMain] logger is configured successfully!
2022-02-23 00:45:35,436 INFO com.technicalprashikshan.main.TechnicalPrashikshanApplication [restartedMain] Starting TechnicalPrashikshanApplication using Java 11.0.12 on LAPTOP-6A9V4K7J with PID 22536 (C:\Code\TechnicalPrashikshan\SpringBoot\TechnicalPrashikshan\target\classes started by bornt in C:\Code\TechnicalPrashikshan\SpringBoot\TechnicalPrashikshan)
2022-02-23 00:45:35,437 INFO com.technicalprashikshan.main.TechnicalPrashikshanApplication [restartedMain] No active profile set, falling back to default profiles: default
2022-02-23 00:45:35,923 INFO com.technicalprashikshan.main.controller.ContactDetailsController [restartedMain] ContactDetailsController object created
2022-02-23 00:45:35,925 INFO com.technicalprashikshan.main.service.ContactDetailsService [restartedMain] ContactDetailsService object created
2022-02-23 00:45:36,129 INFO com.technicalprashikshan.main.TechnicalPrashikshanApplication [restartedMain] Started TechnicalPrashikshanApplication in 0.759 seconds (JVM running for 1440.542)
2022-02-23 00:45:36,132 INFO com.technicalprashikshan.main.TechnicalPrashikshanApplication [restartedMain] Spring-boot application is deployed successfully
2022-02-23 00:45:46,275 INFO com.technicalprashikshan.main.TechnicalPrashikshanApplication [restartedMain] logger is configured successfully!
2022-02-23 00:45:46,341 INFO com.technicalprashikshan.main.TechnicalPrashikshanApplication [restartedMain] Starting TechnicalPrashikshanApplication using Java 11.0.12 on LAPTOP-6A9V4K7J with PID 22536 (C:\Code\TechnicalPrashikshan\SpringBoot\TechnicalPrashikshan\target\classes started by bornt in C:\Code\TechnicalPrashikshan\SpringBoot\TechnicalPrashikshan)
2022-02-23 00:45:46,342 INFO com.technicalprashikshan.main.TechnicalPrashikshanApplication [restartedMain] No active profile set, falling back to default profiles: default
2022-02-23 00:45:46,807 INFO com.technicalprashikshan.main.controller.ContactDetailsController [restartedMain] ContactDetailsController object created
2022-02-23 00:45:46,810 INFO com.technicalprashikshan.main.service.ContactDetailsService [restartedMain] ContactDetailsService object created
2022-02-23 00:45:47,043 INFO com.technicalprashikshan.main.TechnicalPrashikshanApplication [restartedMain] Started TechnicalPrashikshanApplication in 0.758 seconds (JVM running for 1451.455)
2022-02-23 00:45:47,046 INFO com.technicalprashikshan.main.TechnicalPrashikshanApplication [restartedMain] Spring-boot application is deployed successfully
2022-02-23 00:45:52,512 INFO com.technicalprashikshan.main.TechnicalPrashikshanApplication [restartedMain] logger is configured successfully!
2022-02-23 00:45:52,579 INFO com.technicalprashikshan.main.TechnicalPrashikshanApplication [restartedMain] Starting TechnicalPrashikshanApplication using Java 11.0.12 on LAPTOP-6A9V4K7J with PID 22536 (C:\Code\TechnicalPrashikshan\SpringBoot\TechnicalPrashikshan\target\classes started by bornt in C:\Code\TechnicalPrashikshan\SpringBoot\TechnicalPrashikshan)
2022-02-23 00:45:52,580 INFO com.technicalprashikshan.main.TechnicalPrashikshanApplication [restartedMain] No active profile set, falling back to default profiles: default
2022-02-23 00:45:53,009 INFO com.technicalprashikshan.main.controller.ContactDetailsController [restartedMain] ContactDetailsController object created
2022-02-23 00:45:53,010 INFO com.technicalprashikshan.main.service.ContactDetailsService [restartedMain] ContactDetailsService object created
2022-02-23 00:45:53,201 INFO com.technicalprashikshan.main.TechnicalPrashikshanApplication [restartedMain] Started TechnicalPrashikshanApplication in 0.68 seconds (JVM running for 1457.614)
2022-02-23 00:45:53,203 INFO com.technicalprashikshan.main.TechnicalPrashikshanApplication [restartedMain] Spring-boot application is deployed successfully
2022-02-23 00:48:03,350 INFO com.technicalprashikshan.main.TechnicalPrashikshanApplication [restartedMain] logger is configured successfully!
2022-02-23 00:48:03,427 INFO com.technicalprashikshan.main.TechnicalPrashikshanApplication [restartedMain] Starting TechnicalPrashikshanApplication using Java 11.0.12 on LAPTOP-6A9V4K7J with PID 22536 (C:\Code\TechnicalPrashikshan\SpringBoot\TechnicalPrashikshan\target\classes started by bornt in C:\Code\TechnicalPrashikshan\SpringBoot\TechnicalPrashikshan)
2022-02-23 00:48:03,428 INFO com.technicalprashikshan.main.TechnicalPrashikshanApplication [restartedMain] No active profile set, falling back to default profiles: default
2022-02-23 00:48:03,915 INFO com.technicalprashikshan.main.controller.ContactDetailsController [restartedMain] ContactDetailsController object created
2022-02-23 00:48:03,916 INFO com.technicalprashikshan.main.service.ContactDetailsService [restartedMain] ContactDetailsService object created
2022-02-23 00:48:04,164 INFO com.technicalprashikshan.main.TechnicalPrashikshanApplication [restartedMain] Started TechnicalPrashikshanApplication in 0.803 seconds (JVM running for 1588.577)
2022-02-23 00:48:04,167 INFO com.technicalprashikshan.main.TechnicalPrashikshanApplication [restartedMain] Spring-boot application is deployed successfully
2022-02-23 00:48:06,111 INFO com.technicalprashikshan.main.TechnicalPrashikshanApplication [restartedMain] logger is configured successfully!
2022-02-23 00:48:06,177 INFO com.technicalprashikshan.main.TechnicalPrashikshanApplication [restartedMain] Starting TechnicalPrashikshanApplication using Java 11.0.12 on LAPTOP-6A9V4K7J with PID 22536 (C:\Code\TechnicalPrashikshan\SpringBoot\TechnicalPrashikshan\target\classes started by bornt in C:\Code\TechnicalPrashikshan\SpringBoot\TechnicalPrashikshan)
2022-02-23 00:48:06,177 INFO com.technicalprashikshan.main.TechnicalPrashikshanApplication [restartedMain] No active profile set, falling back to default profiles: default
2022-02-23 00:48:06,653 INFO com.technicalprashikshan.main.controller.ContactDetailsController [restartedMain] ContactDetailsController object created
2022-02-23 00:48:06,655 INFO com.technicalprashikshan.main.service.ContactDetailsService [restartedMain] ContactDetailsService object created
2022-02-23 00:48:06,893 INFO com.technicalprashikshan.main.TechnicalPrashikshanApplication [restartedMain] Started TechnicalPrashikshanApplication in 0.771 seconds (JVM running for 1591.306)
2022-02-23 00:48:06,897 INFO com.technicalprashikshan.main.TechnicalPrashikshanApplication [restartedMain] Spring-boot application is deployed successfully
2022-02-23 00:49:21,620 INFO com.technicalprashikshan.main.TechnicalPrashikshanApplication [restartedMain] logger is configured successfully!
2022-02-23 00:49:21,676 INFO com.technicalprashikshan.main.TechnicalPrashikshanApplication [restartedMain] Starting TechnicalPrashikshanApplication using Java 11.0.12 on LAPTOP-6A9V4K7J with PID 22536 (C:\Code\TechnicalPrashikshan\SpringBoot\TechnicalPrashikshan\target\classes started by bornt in C:\Code\TechnicalPrashikshan\SpringBoot\TechnicalPrashikshan)
2022-02-23 00:49:21,677 INFO com.technicalprashikshan.main.TechnicalPrashikshanApplication [restartedMain] No active profile set, falling back to default profiles: default
2022-02-23 00:49:22,154 INFO com.technicalprashikshan.main.controller.ContactDetailsController [restartedMain] ContactDetailsController object created
2022-02-23 00:49:22,157 INFO com.technicalprashikshan.main.service.ContactDetailsService [restartedMain] ContactDetailsService object created
2022-02-23 00:49:22,420 INFO com.technicalprashikshan.main.TechnicalPrashikshanApplication [restartedMain] Started TechnicalPrashikshanApplication in 0.793 seconds (JVM running for 1666.833)
2022-02-23 00:49:22,423 INFO com.technicalprashikshan.main.TechnicalPrashikshanApplication [restartedMain] Spring-boot application is deployed successfully
2022-02-23 00:52:52,026 INFO com.technicalprashikshan.main.TechnicalPrashikshanApplication [restartedMain] logger is configured successfully!
2022-02-23 00:52:52,052 INFO com.technicalprashikshan.main.TechnicalPrashikshanApplication [restartedMain] Starting TechnicalPrashikshanApplication using Java 11.0.12 on LAPTOP-6A9V4K7J with PID 22536 (C:\Code\TechnicalPrashikshan\SpringBoot\TechnicalPrashikshan\target\classes started by bornt in C:\Code\TechnicalPrashikshan\SpringBoot\TechnicalPrashikshan)
2022-02-23 00:52:52,052 INFO com.technicalprashikshan.main.TechnicalPrashikshanApplication [restartedMain] No active profile set, falling back to default profiles: default
2022-02-23 00:52:52,241 INFO com.technicalprashikshan.main.controller.ContactDetailsController [restartedMain] ContactDetailsController object created
2022-02-23 00:52:52,242 INFO com.technicalprashikshan.main.service.ContactDetailsService [restartedMain] ContactDetailsService object created
2022-02-23 00:52:52,284 ERROR org.springframework.boot.SpringApplication [restartedMain] Application run failed
org.springframework.beans.factory.BeanCreationException: Error creating bean with name 'clientDetailsDAO' defined in file [C:\Code\TechnicalPrashikshan\SpringBoot\TechnicalPrashikshan\target\classes\com\technicalprashikshan\main\dao\ClientDetailsDAO.class]: Instantiation of bean failed; nested exception is org.springframework.beans.BeanInstantiationException: Failed to instantiate [com.technicalprashikshan.main.dao.ClientDetailsDAO]: Constructor threw exception; nested exception is java.lang.Error: Unresolved compilation problems: 
	Autowired cannot be resolved to a type
	JdbcTemplate cannot be resolved to a type

	at org.springframework.beans.factory.support.AbstractAutowireCapableBeanFactory.instantiateBean(AbstractAutowireCapableBeanFactory.java:1334)
	at org.springframework.beans.factory.support.AbstractAutowireCapableBeanFactory.createBeanInstance(AbstractAutowireCapableBeanFactory.java:1232)
	at org.springframework.beans.factory.support.AbstractAutowireCapableBeanFactory.doCreateBean(AbstractAutowireCapableBeanFactory.java:582)
	at org.springframework.beans.factory.support.AbstractAutowireCapableBeanFactory.createBean(AbstractAutowireCapableBeanFactory.java:542)
	at org.springframework.beans.factory.support.AbstractBeanFactory.lambda$doGetBean$0(AbstractBeanFactory.java:335)
	at org.springframework.beans.factory.support.DefaultSingletonBeanRegistry.getSingleton(DefaultSingletonBeanRegistry.java:234)
	at org.springframework.beans.factory.support.AbstractBeanFactory.doGetBean(AbstractBeanFactory.java:333)
	at org.springframework.beans.factory.support.AbstractBeanFactory.getBean(AbstractBeanFactory.java:208)
	at org.springframework.beans.factory.support.DefaultListableBeanFactory.preInstantiateSingletons(DefaultListableBeanFactory.java:953)
	at org.springframework.context.support.AbstractApplicationContext.finishBeanFactoryInitialization(AbstractApplicationContext.java:918)
	at org.springframework.context.support.AbstractApplicationContext.refresh(AbstractApplicationContext.java:583)
	at org.springframework.boot.web.servlet.context.ServletWebServerApplicationContext.refresh(ServletWebServerApplicationContext.java:145)
	at org.springframework.boot.SpringApplication.refresh(SpringApplication.java:732)
	at org.springframework.boot.SpringApplication.refreshContext(SpringApplication.java:414)
	at org.springframework.boot.SpringApplication.run(SpringApplication.java:302)
	at org.springframework.boot.SpringApplication.run(SpringApplication.java:1303)
	at org.springframework.boot.SpringApplication.run(SpringApplication.java:1292)
	at com.technicalprashikshan.main.TechnicalPrashikshanApplication.main(TechnicalPrashikshanApplication.java:14)
	at java.base/jdk.internal.reflect.NativeMethodAccessorImpl.invoke0(Native Method)
	at java.base/jdk.internal.reflect.NativeMethodAccessorImpl.invoke(NativeMethodAccessorImpl.java:62)
	at java.base/jdk.internal.reflect.DelegatingMethodAccessorImpl.invoke(DelegatingMethodAccessorImpl.java:43)
	at java.base/java.lang.reflect.Method.invoke(Method.java:566)
	at org.springframework.boot.devtools.restart.RestartLauncher.run(RestartLauncher.java:49)
Caused by: org.springframework.beans.BeanInstantiationException: Failed to instantiate [com.technicalprashikshan.main.dao.ClientDetailsDAO]: Constructor threw exception; nested exception is java.lang.Error: Unresolved compilation problems: 
	Autowired cannot be resolved to a type
	JdbcTemplate cannot be resolved to a type

	at org.springframework.beans.BeanUtils.instantiateClass(BeanUtils.java:224)
	at org.springframework.beans.factory.support.SimpleInstantiationStrategy.instantiate(SimpleInstantiationStrategy.java:87)
	at org.springframework.beans.factory.support.AbstractAutowireCapableBeanFactory.instantiateBean(AbstractAutowireCapableBeanFactory.java:1326)
	... 22 common frames omitted
Caused by: java.lang.Error: Unresolved compilation problems: 
	Autowired cannot be resolved to a type
	JdbcTemplate cannot be resolved to a type

	at com.technicalprashikshan.main.dao.ClientDetailsDAO.<init>(ClientDetailsDAO.java:25)
	at java.base/jdk.internal.reflect.NativeConstructorAccessorImpl.newInstance0(Native Method)
	at java.base/jdk.internal.reflect.NativeConstructorAccessorImpl.newInstance(NativeConstructorAccessorImpl.java:62)
	at java.base/jdk.internal.reflect.DelegatingConstructorAccessorImpl.newInstance(DelegatingConstructorAccessorImpl.java:45)
	at java.base/java.lang.reflect.Constructor.newInstance(Constructor.java:490)
	at org.springframework.beans.BeanUtils.instantiateClass(BeanUtils.java:211)
	... 24 common frames omitted
2022-02-23 00:52:53,734 INFO com.technicalprashikshan.main.TechnicalPrashikshanApplication [restartedMain] logger is configured successfully!
2022-02-23 00:52:53,781 INFO com.technicalprashikshan.main.TechnicalPrashikshanApplication [restartedMain] Starting TechnicalPrashikshanApplication using Java 11.0.12 on LAPTOP-6A9V4K7J with PID 22536 (C:\Code\TechnicalPrashikshan\SpringBoot\TechnicalPrashikshan\target\classes started by bornt in C:\Code\TechnicalPrashikshan\SpringBoot\TechnicalPrashikshan)
2022-02-23 00:52:53,781 INFO com.technicalprashikshan.main.TechnicalPrashikshanApplication [restartedMain] No active profile set, falling back to default profiles: default
2022-02-23 00:52:54,005 INFO com.technicalprashikshan.main.controller.ContactDetailsController [restartedMain] ContactDetailsController object created
2022-02-23 00:52:54,006 INFO com.technicalprashikshan.main.service.ContactDetailsService [restartedMain] ContactDetailsService object created
2022-02-23 00:52:54,033 ERROR org.springframework.boot.SpringApplication [restartedMain] Application run failed
org.springframework.beans.factory.BeanCreationException: Error creating bean with name 'clientDetailsDAO' defined in file [C:\Code\TechnicalPrashikshan\SpringBoot\TechnicalPrashikshan\target\classes\com\technicalprashikshan\main\dao\ClientDetailsDAO.class]: Instantiation of bean failed; nested exception is org.springframework.beans.BeanInstantiationException: Failed to instantiate [com.technicalprashikshan.main.dao.ClientDetailsDAO]: Constructor threw exception; nested exception is java.lang.Error: Unresolved compilation problems: 
	Autowired cannot be resolved to a type
	JdbcTemplate cannot be resolved to a type

	at org.springframework.beans.factory.support.AbstractAutowireCapableBeanFactory.instantiateBean(AbstractAutowireCapableBeanFactory.java:1334)
	at org.springframework.beans.factory.support.AbstractAutowireCapableBeanFactory.createBeanInstance(AbstractAutowireCapableBeanFactory.java:1232)
	at org.springframework.beans.factory.support.AbstractAutowireCapableBeanFactory.doCreateBean(AbstractAutowireCapableBeanFactory.java:582)
	at org.springframework.beans.factory.support.AbstractAutowireCapableBeanFactory.createBean(AbstractAutowireCapableBeanFactory.java:542)
	at org.springframework.beans.factory.support.AbstractBeanFactory.lambda$doGetBean$0(AbstractBeanFactory.java:335)
	at org.springframework.beans.factory.support.DefaultSingletonBeanRegistry.getSingleton(DefaultSingletonBeanRegistry.java:234)
	at org.springframework.beans.factory.support.AbstractBeanFactory.doGetBean(AbstractBeanFactory.java:333)
	at org.springframework.beans.factory.support.AbstractBeanFactory.getBean(AbstractBeanFactory.java:208)
	at org.springframework.beans.factory.support.DefaultListableBeanFactory.preInstantiateSingletons(DefaultListableBeanFactory.java:953)
	at org.springframework.context.support.AbstractApplicationContext.finishBeanFactoryInitialization(AbstractApplicationContext.java:918)
	at org.springframework.context.support.AbstractApplicationContext.refresh(AbstractApplicationContext.java:583)
	at org.springframework.boot.web.servlet.context.ServletWebServerApplicationContext.refresh(ServletWebServerApplicationContext.java:145)
	at org.springframework.boot.SpringApplication.refresh(SpringApplication.java:732)
	at org.springframework.boot.SpringApplication.refreshContext(SpringApplication.java:414)
	at org.springframework.boot.SpringApplication.run(SpringApplication.java:302)
	at org.springframework.boot.SpringApplication.run(SpringApplication.java:1303)
	at org.springframework.boot.SpringApplication.run(SpringApplication.java:1292)
	at com.technicalprashikshan.main.TechnicalPrashikshanApplication.main(TechnicalPrashikshanApplication.java:14)
	at java.base/jdk.internal.reflect.NativeMethodAccessorImpl.invoke0(Native Method)
	at java.base/jdk.internal.reflect.NativeMethodAccessorImpl.invoke(NativeMethodAccessorImpl.java:62)
	at java.base/jdk.internal.reflect.DelegatingMethodAccessorImpl.invoke(DelegatingMethodAccessorImpl.java:43)
	at java.base/java.lang.reflect.Method.invoke(Method.java:566)
	at org.springframework.boot.devtools.restart.RestartLauncher.run(RestartLauncher.java:49)
Caused by: org.springframework.beans.BeanInstantiationException: Failed to instantiate [com.technicalprashikshan.main.dao.ClientDetailsDAO]: Constructor threw exception; nested exception is java.lang.Error: Unresolved compilation problems: 
	Autowired cannot be resolved to a type
	JdbcTemplate cannot be resolved to a type

	at org.springframework.beans.BeanUtils.instantiateClass(BeanUtils.java:224)
	at org.springframework.beans.factory.support.SimpleInstantiationStrategy.instantiate(SimpleInstantiationStrategy.java:87)
	at org.springframework.beans.factory.support.AbstractAutowireCapableBeanFactory.instantiateBean(AbstractAutowireCapableBeanFactory.java:1326)
	... 22 common frames omitted
Caused by: java.lang.Error: Unresolved compilation problems: 
	Autowired cannot be resolved to a type
	JdbcTemplate cannot be resolved to a type

	at com.technicalprashikshan.main.dao.ClientDetailsDAO.<init>(ClientDetailsDAO.java:25)
	at java.base/jdk.internal.reflect.NativeConstructorAccessorImpl.newInstance0(Native Method)
	at java.base/jdk.internal.reflect.NativeConstructorAccessorImpl.newInstance(NativeConstructorAccessorImpl.java:62)
	at java.base/jdk.internal.reflect.DelegatingConstructorAccessorImpl.newInstance(DelegatingConstructorAccessorImpl.java:45)
	at java.base/java.lang.reflect.Constructor.newInstance(Constructor.java:490)
	at org.springframework.beans.BeanUtils.instantiateClass(BeanUtils.java:211)
	... 24 common frames omitted
2022-02-23 00:52:58,984 INFO com.technicalprashikshan.main.TechnicalPrashikshanApplication [restartedMain] logger is configured successfully!
2022-02-23 00:52:59,043 INFO com.technicalprashikshan.main.TechnicalPrashikshanApplication [restartedMain] Starting TechnicalPrashikshanApplication using Java 11.0.12 on LAPTOP-6A9V4K7J with PID 22536 (C:\Code\TechnicalPrashikshan\SpringBoot\TechnicalPrashikshan\target\classes started by bornt in C:\Code\TechnicalPrashikshan\SpringBoot\TechnicalPrashikshan)
2022-02-23 00:52:59,044 INFO com.technicalprashikshan.main.TechnicalPrashikshanApplication [restartedMain] No active profile set, falling back to default profiles: default
2022-02-23 00:52:59,506 INFO com.technicalprashikshan.main.controller.ContactDetailsController [restartedMain] ContactDetailsController object created
2022-02-23 00:52:59,507 INFO com.technicalprashikshan.main.service.ContactDetailsService [restartedMain] ContactDetailsService object created
2022-02-23 00:52:59,758 INFO com.technicalprashikshan.main.TechnicalPrashikshanApplication [restartedMain] Started TechnicalPrashikshanApplication in 0.765 seconds (JVM running for 1884.17)
2022-02-23 00:52:59,760 INFO com.technicalprashikshan.main.TechnicalPrashikshanApplication [restartedMain] Spring-boot application is deployed successfully
2022-02-23 00:53:33,882 INFO com.technicalprashikshan.main.TechnicalPrashikshanApplication [restartedMain] logger is configured successfully!
2022-02-23 00:53:33,945 INFO com.technicalprashikshan.main.TechnicalPrashikshanApplication [restartedMain] Starting TechnicalPrashikshanApplication using Java 11.0.12 on LAPTOP-6A9V4K7J with PID 22536 (C:\Code\TechnicalPrashikshan\SpringBoot\TechnicalPrashikshan\target\classes started by bornt in C:\Code\TechnicalPrashikshan\SpringBoot\TechnicalPrashikshan)
2022-02-23 00:53:33,945 INFO com.technicalprashikshan.main.TechnicalPrashikshanApplication [restartedMain] No active profile set, falling back to default profiles: default
2022-02-23 00:53:34,364 INFO com.technicalprashikshan.main.controller.ContactDetailsController [restartedMain] ContactDetailsController object created
2022-02-23 00:53:34,365 INFO com.technicalprashikshan.main.service.ContactDetailsService [restartedMain] ContactDetailsService object created
2022-02-23 00:53:34,683 INFO com.technicalprashikshan.main.TechnicalPrashikshanApplication [restartedMain] Started TechnicalPrashikshanApplication in 0.793 seconds (JVM running for 1919.096)
2022-02-23 00:53:34,686 INFO com.technicalprashikshan.main.TechnicalPrashikshanApplication [restartedMain] Spring-boot application is deployed successfully
2022-02-23 00:56:41,423 INFO com.technicalprashikshan.main.TechnicalPrashikshanApplication [restartedMain] logger is configured successfully!
2022-02-23 00:56:41,489 INFO com.technicalprashikshan.main.TechnicalPrashikshanApplication [restartedMain] Starting TechnicalPrashikshanApplication using Java 11.0.12 on LAPTOP-6A9V4K7J with PID 22536 (C:\Code\TechnicalPrashikshan\SpringBoot\TechnicalPrashikshan\target\classes started by bornt in C:\Code\TechnicalPrashikshan\SpringBoot\TechnicalPrashikshan)
2022-02-23 00:56:41,490 INFO com.technicalprashikshan.main.TechnicalPrashikshanApplication [restartedMain] No active profile set, falling back to default profiles: default
2022-02-23 00:56:41,917 INFO com.technicalprashikshan.main.controller.ContactDetailsController [restartedMain] ContactDetailsController object created
2022-02-23 00:56:41,918 INFO com.technicalprashikshan.main.service.ContactDetailsService [restartedMain] ContactDetailsService object created
2022-02-23 00:56:42,149 INFO com.technicalprashikshan.main.TechnicalPrashikshanApplication [restartedMain] Started TechnicalPrashikshanApplication in 0.716 seconds (JVM running for 2106.562)
2022-02-23 00:56:42,151 INFO com.technicalprashikshan.main.TechnicalPrashikshanApplication [restartedMain] Spring-boot application is deployed successfully
2022-02-23 00:58:34,713 INFO com.technicalprashikshan.main.TechnicalPrashikshanApplication [restartedMain] logger is configured successfully!
2022-02-23 00:58:34,769 INFO com.technicalprashikshan.main.TechnicalPrashikshanApplication [restartedMain] Starting TechnicalPrashikshanApplication using Java 11.0.12 on LAPTOP-6A9V4K7J with PID 22536 (C:\Code\TechnicalPrashikshan\SpringBoot\TechnicalPrashikshan\target\classes started by bornt in C:\Code\TechnicalPrashikshan\SpringBoot\TechnicalPrashikshan)
2022-02-23 00:58:34,770 INFO com.technicalprashikshan.main.TechnicalPrashikshanApplication [restartedMain] No active profile set, falling back to default profiles: default
2022-02-23 00:58:35,205 INFO com.technicalprashikshan.main.controller.ContactDetailsController [restartedMain] ContactDetailsController object created
2022-02-23 00:58:35,208 INFO com.technicalprashikshan.main.service.ContactDetailsService [restartedMain] ContactDetailsService object created
2022-02-23 00:58:35,426 INFO com.technicalprashikshan.main.TechnicalPrashikshanApplication [restartedMain] Started TechnicalPrashikshanApplication in 0.705 seconds (JVM running for 2219.838)
2022-02-23 00:58:35,429 INFO com.technicalprashikshan.main.TechnicalPrashikshanApplication [restartedMain] Spring-boot application is deployed successfully
2022-02-23 00:58:46,610 INFO com.technicalprashikshan.main.TechnicalPrashikshanApplication [restartedMain] logger is configured successfully!
2022-02-23 00:58:46,664 INFO com.technicalprashikshan.main.TechnicalPrashikshanApplication [restartedMain] Starting TechnicalPrashikshanApplication using Java 11.0.12 on LAPTOP-6A9V4K7J with PID 22536 (C:\Code\TechnicalPrashikshan\SpringBoot\TechnicalPrashikshan\target\classes started by bornt in C:\Code\TechnicalPrashikshan\SpringBoot\TechnicalPrashikshan)
2022-02-23 00:58:46,665 INFO com.technicalprashikshan.main.TechnicalPrashikshanApplication [restartedMain] No active profile set, falling back to default profiles: default
2022-02-23 00:58:47,093 INFO com.technicalprashikshan.main.controller.ContactDetailsController [restartedMain] ContactDetailsController object created
2022-02-23 00:58:47,094 INFO com.technicalprashikshan.main.service.ContactDetailsService [restartedMain] ContactDetailsService object created
2022-02-23 00:58:47,297 INFO com.technicalprashikshan.main.TechnicalPrashikshanApplication [restartedMain] Started TechnicalPrashikshanApplication in 0.68 seconds (JVM running for 2231.71)
2022-02-23 00:58:47,300 INFO com.technicalprashikshan.main.TechnicalPrashikshanApplication [restartedMain] Spring-boot application is deployed successfully
2022-02-23 00:58:55,374 INFO com.technicalprashikshan.main.TechnicalPrashikshanApplication [restartedMain] logger is configured successfully!
2022-02-23 00:58:55,438 INFO com.technicalprashikshan.main.TechnicalPrashikshanApplication [restartedMain] Starting TechnicalPrashikshanApplication using Java 11.0.12 on LAPTOP-6A9V4K7J with PID 22536 (C:\Code\TechnicalPrashikshan\SpringBoot\TechnicalPrashikshan\target\classes started by bornt in C:\Code\TechnicalPrashikshan\SpringBoot\TechnicalPrashikshan)
2022-02-23 00:58:55,438 INFO com.technicalprashikshan.main.TechnicalPrashikshanApplication [restartedMain] No active profile set, falling back to default profiles: default
2022-02-23 00:58:55,840 INFO com.technicalprashikshan.main.controller.ContactDetailsController [restartedMain] ContactDetailsController object created
2022-02-23 00:58:55,842 INFO com.technicalprashikshan.main.service.ContactDetailsService [restartedMain] ContactDetailsService object created
2022-02-23 00:58:56,063 INFO com.technicalprashikshan.main.TechnicalPrashikshanApplication [restartedMain] Started TechnicalPrashikshanApplication in 0.679 seconds (JVM running for 2240.476)
2022-02-23 00:58:56,065 INFO com.technicalprashikshan.main.TechnicalPrashikshanApplication [restartedMain] Spring-boot application is deployed successfully
2022-02-23 00:59:11,319 INFO com.technicalprashikshan.main.TechnicalPrashikshanApplication [restartedMain] logger is configured successfully!
2022-02-23 00:59:11,377 INFO com.technicalprashikshan.main.TechnicalPrashikshanApplication [restartedMain] Starting TechnicalPrashikshanApplication using Java 11.0.12 on LAPTOP-6A9V4K7J with PID 22536 (C:\Code\TechnicalPrashikshan\SpringBoot\TechnicalPrashikshan\target\classes started by bornt in C:\Code\TechnicalPrashikshan\SpringBoot\TechnicalPrashikshan)
2022-02-23 00:59:11,377 INFO com.technicalprashikshan.main.TechnicalPrashikshanApplication [restartedMain] No active profile set, falling back to default profiles: default
2022-02-23 00:59:11,795 INFO com.technicalprashikshan.main.controller.ContactDetailsController [restartedMain] ContactDetailsController object created
2022-02-23 00:59:11,796 INFO com.technicalprashikshan.main.service.ContactDetailsService [restartedMain] ContactDetailsService object created
2022-02-23 00:59:12,006 INFO com.technicalprashikshan.main.TechnicalPrashikshanApplication [restartedMain] Started TechnicalPrashikshanApplication in 0.68 seconds (JVM running for 2256.419)
2022-02-23 00:59:12,009 INFO com.technicalprashikshan.main.TechnicalPrashikshanApplication [restartedMain] Spring-boot application is deployed successfully
2022-02-23 00:59:19,088 INFO com.technicalprashikshan.main.TechnicalPrashikshanApplication [restartedMain] logger is configured successfully!
2022-02-23 00:59:19,137 INFO com.technicalprashikshan.main.TechnicalPrashikshanApplication [restartedMain] Starting TechnicalPrashikshanApplication using Java 11.0.12 on LAPTOP-6A9V4K7J with PID 22536 (C:\Code\TechnicalPrashikshan\SpringBoot\TechnicalPrashikshan\target\classes started by bornt in C:\Code\TechnicalPrashikshan\SpringBoot\TechnicalPrashikshan)
2022-02-23 00:59:19,137 INFO com.technicalprashikshan.main.TechnicalPrashikshanApplication [restartedMain] No active profile set, falling back to default profiles: default
2022-02-23 00:59:19,565 INFO com.technicalprashikshan.main.controller.ContactDetailsController [restartedMain] ContactDetailsController object created
2022-02-23 00:59:19,566 INFO com.technicalprashikshan.main.service.ContactDetailsService [restartedMain] ContactDetailsService object created
2022-02-23 00:59:19,789 INFO com.technicalprashikshan.main.TechnicalPrashikshanApplication [restartedMain] Started TechnicalPrashikshanApplication in 0.694 seconds (JVM running for 2264.202)
2022-02-23 00:59:19,791 INFO com.technicalprashikshan.main.TechnicalPrashikshanApplication [restartedMain] Spring-boot application is deployed successfully
2022-02-23 00:59:47,434 INFO com.technicalprashikshan.main.TechnicalPrashikshanApplication [restartedMain] logger is configured successfully!
2022-02-23 00:59:47,491 INFO com.technicalprashikshan.main.TechnicalPrashikshanApplication [restartedMain] Starting TechnicalPrashikshanApplication using Java 11.0.12 on LAPTOP-6A9V4K7J with PID 22536 (C:\Code\TechnicalPrashikshan\SpringBoot\TechnicalPrashikshan\target\classes started by bornt in C:\Code\TechnicalPrashikshan\SpringBoot\TechnicalPrashikshan)
2022-02-23 00:59:47,492 INFO com.technicalprashikshan.main.TechnicalPrashikshanApplication [restartedMain] No active profile set, falling back to default profiles: default
2022-02-23 00:59:47,897 INFO com.technicalprashikshan.main.controller.ContactDetailsController [restartedMain] ContactDetailsController object created
2022-02-23 00:59:47,900 INFO com.technicalprashikshan.main.service.ContactDetailsService [restartedMain] ContactDetailsService object created
2022-02-23 00:59:48,155 INFO com.technicalprashikshan.main.TechnicalPrashikshanApplication [restartedMain] Started TechnicalPrashikshanApplication in 0.712 seconds (JVM running for 2292.568)
2022-02-23 00:59:48,158 INFO com.technicalprashikshan.main.TechnicalPrashikshanApplication [restartedMain] Spring-boot application is deployed successfully
2022-02-23 01:00:32,159 INFO com.technicalprashikshan.main.TechnicalPrashikshanApplication [restartedMain] logger is configured successfully!
2022-02-23 01:00:32,221 INFO com.technicalprashikshan.main.TechnicalPrashikshanApplication [restartedMain] Starting TechnicalPrashikshanApplication using Java 11.0.12 on LAPTOP-6A9V4K7J with PID 22536 (C:\Code\TechnicalPrashikshan\SpringBoot\TechnicalPrashikshan\target\classes started by bornt in C:\Code\TechnicalPrashikshan\SpringBoot\TechnicalPrashikshan)
2022-02-23 01:00:32,222 INFO com.technicalprashikshan.main.TechnicalPrashikshanApplication [restartedMain] No active profile set, falling back to default profiles: default
2022-02-23 01:00:32,608 INFO com.technicalprashikshan.main.controller.ContactDetailsController [restartedMain] ContactDetailsController object created
2022-02-23 01:00:32,609 INFO com.technicalprashikshan.main.service.ContactDetailsService [restartedMain] ContactDetailsService object created
2022-02-23 01:00:32,828 INFO com.technicalprashikshan.main.TechnicalPrashikshanApplication [restartedMain] Started TechnicalPrashikshanApplication in 0.659 seconds (JVM running for 2337.241)
2022-02-23 01:00:32,830 INFO com.technicalprashikshan.main.TechnicalPrashikshanApplication [restartedMain] Spring-boot application is deployed successfully
2022-02-23 01:00:34,793 INFO com.technicalprashikshan.main.TechnicalPrashikshanApplication [restartedMain] logger is configured successfully!
2022-02-23 01:00:34,851 INFO com.technicalprashikshan.main.TechnicalPrashikshanApplication [restartedMain] Starting TechnicalPrashikshanApplication using Java 11.0.12 on LAPTOP-6A9V4K7J with PID 22536 (C:\Code\TechnicalPrashikshan\SpringBoot\TechnicalPrashikshan\target\classes started by bornt in C:\Code\TechnicalPrashikshan\SpringBoot\TechnicalPrashikshan)
2022-02-23 01:00:34,851 INFO com.technicalprashikshan.main.TechnicalPrashikshanApplication [restartedMain] No active profile set, falling back to default profiles: default
2022-02-23 01:00:35,233 INFO com.technicalprashikshan.main.controller.ContactDetailsController [restartedMain] ContactDetailsController object created
2022-02-23 01:00:35,235 INFO com.technicalprashikshan.main.service.ContactDetailsService [restartedMain] ContactDetailsService object created
2022-02-23 01:00:35,437 INFO com.technicalprashikshan.main.TechnicalPrashikshanApplication [restartedMain] Started TechnicalPrashikshanApplication in 0.636 seconds (JVM running for 2339.85)
2022-02-23 01:00:35,440 INFO com.technicalprashikshan.main.TechnicalPrashikshanApplication [restartedMain] Spring-boot application is deployed successfully
2022-02-23 01:02:51,104 INFO com.technicalprashikshan.main.TechnicalPrashikshanApplication [restartedMain] logger is configured successfully!
2022-02-23 01:02:51,152 INFO com.technicalprashikshan.main.TechnicalPrashikshanApplication [restartedMain] Starting TechnicalPrashikshanApplication using Java 11.0.12 on LAPTOP-6A9V4K7J with PID 22536 (C:\Code\TechnicalPrashikshan\SpringBoot\TechnicalPrashikshan\target\classes started by bornt in C:\Code\TechnicalPrashikshan\SpringBoot\TechnicalPrashikshan)
2022-02-23 01:02:51,153 INFO com.technicalprashikshan.main.TechnicalPrashikshanApplication [restartedMain] No active profile set, falling back to default profiles: default
2022-02-23 01:02:51,534 INFO com.technicalprashikshan.main.controller.ContactDetailsController [restartedMain] ContactDetailsController object created
2022-02-23 01:02:51,535 INFO com.technicalprashikshan.main.service.ContactDetailsService [restartedMain] ContactDetailsService object created
2022-02-23 01:02:51,760 INFO com.technicalprashikshan.main.TechnicalPrashikshanApplication [restartedMain] Started TechnicalPrashikshanApplication in 0.648 seconds (JVM running for 2476.173)
2022-02-23 01:02:51,763 INFO com.technicalprashikshan.main.TechnicalPrashikshanApplication [restartedMain] Spring-boot application is deployed successfully
2022-02-23 01:03:19,376 INFO com.technicalprashikshan.main.TechnicalPrashikshanApplication [restartedMain] logger is configured successfully!
2022-02-23 01:03:19,424 INFO com.technicalprashikshan.main.TechnicalPrashikshanApplication [restartedMain] Starting TechnicalPrashikshanApplication using Java 11.0.12 on LAPTOP-6A9V4K7J with PID 22536 (C:\Code\TechnicalPrashikshan\SpringBoot\TechnicalPrashikshan\target\classes started by bornt in C:\Code\TechnicalPrashikshan\SpringBoot\TechnicalPrashikshan)
2022-02-23 01:03:19,425 INFO com.technicalprashikshan.main.TechnicalPrashikshanApplication [restartedMain] No active profile set, falling back to default profiles: default
2022-02-23 01:03:19,815 INFO com.technicalprashikshan.main.controller.ContactDetailsController [restartedMain] ContactDetailsController object created
2022-02-23 01:03:19,816 INFO com.technicalprashikshan.main.service.ContactDetailsService [restartedMain] ContactDetailsService object created
2022-02-23 01:03:20,041 INFO com.technicalprashikshan.main.TechnicalPrashikshanApplication [restartedMain] Started TechnicalPrashikshanApplication in 0.657 seconds (JVM running for 2504.454)
2022-02-23 01:03:20,043 INFO com.technicalprashikshan.main.TechnicalPrashikshanApplication [restartedMain] Spring-boot application is deployed successfully
2022-02-23 01:03:24,074 INFO com.technicalprashikshan.main.TechnicalPrashikshanApplication [restartedMain] logger is configured successfully!
2022-02-23 01:03:24,123 INFO com.technicalprashikshan.main.TechnicalPrashikshanApplication [restartedMain] Starting TechnicalPrashikshanApplication using Java 11.0.12 on LAPTOP-6A9V4K7J with PID 22536 (C:\Code\TechnicalPrashikshan\SpringBoot\TechnicalPrashikshan\target\classes started by bornt in C:\Code\TechnicalPrashikshan\SpringBoot\TechnicalPrashikshan)
2022-02-23 01:03:24,123 INFO com.technicalprashikshan.main.TechnicalPrashikshanApplication [restartedMain] No active profile set, falling back to default profiles: default
2022-02-23 01:03:24,509 INFO com.technicalprashikshan.main.controller.ContactDetailsController [restartedMain] ContactDetailsController object created
2022-02-23 01:03:24,510 INFO com.technicalprashikshan.main.service.ContactDetailsService [restartedMain] ContactDetailsService object created
2022-02-23 01:03:24,734 INFO com.technicalprashikshan.main.TechnicalPrashikshanApplication [restartedMain] Started TechnicalPrashikshanApplication in 0.654 seconds (JVM running for 2509.147)
2022-02-23 01:03:24,735 INFO com.technicalprashikshan.main.TechnicalPrashikshanApplication [restartedMain] Spring-boot application is deployed successfully
2022-02-23 01:04:47,709 INFO com.technicalprashikshan.main.TechnicalPrashikshanApplication [restartedMain] logger is configured successfully!
2022-02-23 01:04:47,757 INFO com.technicalprashikshan.main.TechnicalPrashikshanApplication [restartedMain] Starting TechnicalPrashikshanApplication using Java 11.0.12 on LAPTOP-6A9V4K7J with PID 22536 (C:\Code\TechnicalPrashikshan\SpringBoot\TechnicalPrashikshan\target\classes started by bornt in C:\Code\TechnicalPrashikshan\SpringBoot\TechnicalPrashikshan)
2022-02-23 01:04:47,758 INFO com.technicalprashikshan.main.TechnicalPrashikshanApplication [restartedMain] No active profile set, falling back to default profiles: default
2022-02-23 01:04:48,125 INFO com.technicalprashikshan.main.controller.ContactDetailsController [restartedMain] ContactDetailsController object created
2022-02-23 01:04:48,126 INFO com.technicalprashikshan.main.service.ContactDetailsService [restartedMain] ContactDetailsService object created
2022-02-23 01:04:48,352 INFO com.technicalprashikshan.main.TechnicalPrashikshanApplication [restartedMain] Started TechnicalPrashikshanApplication in 0.636 seconds (JVM running for 2592.765)
2022-02-23 01:04:48,353 INFO com.technicalprashikshan.main.TechnicalPrashikshanApplication [restartedMain] Spring-boot application is deployed successfully
2022-02-23 01:05:07,759 INFO com.technicalprashikshan.main.TechnicalPrashikshanApplication [restartedMain] logger is configured successfully!
2022-02-23 01:05:07,806 INFO com.technicalprashikshan.main.TechnicalPrashikshanApplication [restartedMain] Starting TechnicalPrashikshanApplication using Java 11.0.12 on LAPTOP-6A9V4K7J with PID 22536 (C:\Code\TechnicalPrashikshan\SpringBoot\TechnicalPrashikshan\target\classes started by bornt in C:\Code\TechnicalPrashikshan\SpringBoot\TechnicalPrashikshan)
2022-02-23 01:05:07,807 INFO com.technicalprashikshan.main.TechnicalPrashikshanApplication [restartedMain] No active profile set, falling back to default profiles: default
2022-02-23 01:05:08,215 INFO com.technicalprashikshan.main.controller.ContactDetailsController [restartedMain] ContactDetailsController object created
2022-02-23 01:05:08,216 INFO com.technicalprashikshan.main.service.ContactDetailsService [restartedMain] ContactDetailsService object created
2022-02-23 01:05:08,421 INFO com.technicalprashikshan.main.TechnicalPrashikshanApplication [restartedMain] Started TechnicalPrashikshanApplication in 0.655 seconds (JVM running for 2612.834)
2022-02-23 01:05:08,424 INFO com.technicalprashikshan.main.TechnicalPrashikshanApplication [restartedMain] Spring-boot application is deployed successfully
2022-02-23 01:05:10,506 INFO com.technicalprashikshan.main.TechnicalPrashikshanApplication [restartedMain] logger is configured successfully!
2022-02-23 01:05:10,558 INFO com.technicalprashikshan.main.TechnicalPrashikshanApplication [restartedMain] Starting TechnicalPrashikshanApplication using Java 11.0.12 on LAPTOP-6A9V4K7J with PID 22536 (C:\Code\TechnicalPrashikshan\SpringBoot\TechnicalPrashikshan\target\classes started by bornt in C:\Code\TechnicalPrashikshan\SpringBoot\TechnicalPrashikshan)
2022-02-23 01:05:10,558 INFO com.technicalprashikshan.main.TechnicalPrashikshanApplication [restartedMain] No active profile set, falling back to default profiles: default
2022-02-23 01:05:10,909 INFO com.technicalprashikshan.main.controller.ContactDetailsController [restartedMain] ContactDetailsController object created
2022-02-23 01:05:10,910 INFO com.technicalprashikshan.main.service.ContactDetailsService [restartedMain] ContactDetailsService object created
2022-02-23 01:05:11,135 INFO com.technicalprashikshan.main.TechnicalPrashikshanApplication [restartedMain] Started TechnicalPrashikshanApplication in 0.621 seconds (JVM running for 2615.548)
2022-02-23 01:05:11,137 INFO com.technicalprashikshan.main.TechnicalPrashikshanApplication [restartedMain] Spring-boot application is deployed successfully
2022-02-23 01:05:16,161 INFO com.technicalprashikshan.main.TechnicalPrashikshanApplication [restartedMain] logger is configured successfully!
2022-02-23 01:05:16,212 INFO com.technicalprashikshan.main.TechnicalPrashikshanApplication [restartedMain] Starting TechnicalPrashikshanApplication using Java 11.0.12 on LAPTOP-6A9V4K7J with PID 22536 (C:\Code\TechnicalPrashikshan\SpringBoot\TechnicalPrashikshan\target\classes started by bornt in C:\Code\TechnicalPrashikshan\SpringBoot\TechnicalPrashikshan)
2022-02-23 01:05:16,213 INFO com.technicalprashikshan.main.TechnicalPrashikshanApplication [restartedMain] No active profile set, falling back to default profiles: default
2022-02-23 01:05:16,522 INFO com.technicalprashikshan.main.controller.ContactDetailsController [restartedMain] ContactDetailsController object created
2022-02-23 01:05:16,523 INFO com.technicalprashikshan.main.service.ContactDetailsService [restartedMain] ContactDetailsService object created
2022-02-23 01:05:16,745 INFO com.technicalprashikshan.main.TechnicalPrashikshanApplication [restartedMain] Started TechnicalPrashikshanApplication in 0.575 seconds (JVM running for 2621.158)
2022-02-23 01:05:16,748 INFO com.technicalprashikshan.main.TechnicalPrashikshanApplication [restartedMain] Spring-boot application is deployed successfully
2022-02-23 01:05:33,047 INFO com.technicalprashikshan.main.TechnicalPrashikshanApplication [restartedMain] logger is configured successfully!
2022-02-23 01:05:33,097 INFO com.technicalprashikshan.main.TechnicalPrashikshanApplication [restartedMain] Starting TechnicalPrashikshanApplication using Java 11.0.12 on LAPTOP-6A9V4K7J with PID 22536 (C:\Code\TechnicalPrashikshan\SpringBoot\TechnicalPrashikshan\target\classes started by bornt in C:\Code\TechnicalPrashikshan\SpringBoot\TechnicalPrashikshan)
2022-02-23 01:05:33,098 INFO com.technicalprashikshan.main.TechnicalPrashikshanApplication [restartedMain] No active profile set, falling back to default profiles: default
2022-02-23 01:05:33,461 INFO com.technicalprashikshan.main.controller.ContactDetailsController [restartedMain] ContactDetailsController object created
2022-02-23 01:05:33,462 INFO com.technicalprashikshan.main.service.ContactDetailsService [restartedMain] ContactDetailsService object created
2022-02-23 01:05:33,637 INFO com.technicalprashikshan.main.TechnicalPrashikshanApplication [restartedMain] Started TechnicalPrashikshanApplication in 0.583 seconds (JVM running for 2638.05)
2022-02-23 01:05:33,639 INFO com.technicalprashikshan.main.TechnicalPrashikshanApplication [restartedMain] Spring-boot application is deployed successfully
2022-02-23 01:06:56,610 INFO com.technicalprashikshan.main.TechnicalPrashikshanApplication [restartedMain] logger is configured successfully!
2022-02-23 01:06:56,656 INFO com.technicalprashikshan.main.TechnicalPrashikshanApplication [restartedMain] Starting TechnicalPrashikshanApplication using Java 11.0.12 on LAPTOP-6A9V4K7J with PID 22536 (C:\Code\TechnicalPrashikshan\SpringBoot\TechnicalPrashikshan\target\classes started by bornt in C:\Code\TechnicalPrashikshan\SpringBoot\TechnicalPrashikshan)
2022-02-23 01:06:56,656 INFO com.technicalprashikshan.main.TechnicalPrashikshanApplication [restartedMain] No active profile set, falling back to default profiles: default
2022-02-23 01:06:57,035 INFO com.technicalprashikshan.main.controller.ContactDetailsController [restartedMain] ContactDetailsController object created
2022-02-23 01:06:57,036 INFO com.technicalprashikshan.main.service.ContactDetailsService [restartedMain] ContactDetailsService object created
2022-02-23 01:06:57,243 INFO com.technicalprashikshan.main.TechnicalPrashikshanApplication [restartedMain] Started TechnicalPrashikshanApplication in 0.626 seconds (JVM running for 2721.656)
2022-02-23 01:06:57,244 INFO com.technicalprashikshan.main.TechnicalPrashikshanApplication [restartedMain] Spring-boot application is deployed successfully
2022-02-23 01:08:35,268 INFO com.technicalprashikshan.main.TechnicalPrashikshanApplication [restartedMain] logger is configured successfully!
2022-02-23 01:08:35,293 INFO com.technicalprashikshan.main.TechnicalPrashikshanApplication [restartedMain] Starting TechnicalPrashikshanApplication using Java 11.0.12 on LAPTOP-6A9V4K7J with PID 22536 (C:\Code\TechnicalPrashikshan\SpringBoot\TechnicalPrashikshan\target\classes started by bornt in C:\Code\TechnicalPrashikshan\SpringBoot\TechnicalPrashikshan)
2022-02-23 01:08:35,293 INFO com.technicalprashikshan.main.TechnicalPrashikshanApplication [restartedMain] No active profile set, falling back to default profiles: default
2022-02-23 01:08:35,452 INFO com.technicalprashikshan.main.controller.ContactDetailsController [restartedMain] ContactDetailsController object created
2022-02-23 01:08:35,453 INFO com.technicalprashikshan.main.service.ContactDetailsService [restartedMain] ContactDetailsService object created
2022-02-23 01:08:35,530 INFO com.technicalprashikshan.main.TechnicalPrashikshanApplication [restartedMain] Started TechnicalPrashikshanApplication in 0.258 seconds (JVM running for 2819.943)
2022-02-23 01:08:35,531 INFO com.technicalprashikshan.main.TechnicalPrashikshanApplication [restartedMain] Spring-boot application is deployed successfully
2022-02-23 01:08:37,431 INFO com.technicalprashikshan.main.TechnicalPrashikshanApplication [restartedMain] logger is configured successfully!
2022-02-23 01:08:37,491 INFO com.technicalprashikshan.main.TechnicalPrashikshanApplication [restartedMain] Starting TechnicalPrashikshanApplication using Java 11.0.12 on LAPTOP-6A9V4K7J with PID 22536 (C:\Code\TechnicalPrashikshan\SpringBoot\TechnicalPrashikshan\target\classes started by bornt in C:\Code\TechnicalPrashikshan\SpringBoot\TechnicalPrashikshan)
2022-02-23 01:08:37,491 INFO com.technicalprashikshan.main.TechnicalPrashikshanApplication [restartedMain] No active profile set, falling back to default profiles: default
2022-02-23 01:08:37,917 INFO com.technicalprashikshan.main.controller.ContactDetailsController [restartedMain] ContactDetailsController object created
2022-02-23 01:08:37,918 INFO com.technicalprashikshan.main.service.ContactDetailsService [restartedMain] ContactDetailsService object created
2022-02-23 01:08:38,108 INFO com.technicalprashikshan.main.TechnicalPrashikshanApplication [restartedMain] Started TechnicalPrashikshanApplication in 0.67 seconds (JVM running for 2822.522)
2022-02-23 01:08:38,110 INFO com.technicalprashikshan.main.TechnicalPrashikshanApplication [restartedMain] Spring-boot application is deployed successfully
2022-02-23 01:08:47,246 INFO com.technicalprashikshan.main.TechnicalPrashikshanApplication [restartedMain] logger is configured successfully!
2022-02-23 01:08:47,298 INFO com.technicalprashikshan.main.TechnicalPrashikshanApplication [restartedMain] Starting TechnicalPrashikshanApplication using Java 11.0.12 on LAPTOP-6A9V4K7J with PID 22536 (C:\Code\TechnicalPrashikshan\SpringBoot\TechnicalPrashikshan\target\classes started by bornt in C:\Code\TechnicalPrashikshan\SpringBoot\TechnicalPrashikshan)
2022-02-23 01:08:47,298 INFO com.technicalprashikshan.main.TechnicalPrashikshanApplication [restartedMain] No active profile set, falling back to default profiles: default
2022-02-23 01:08:47,692 INFO com.technicalprashikshan.main.controller.ContactDetailsController [restartedMain] ContactDetailsController object created
2022-02-23 01:08:47,693 INFO com.technicalprashikshan.main.service.ContactDetailsService [restartedMain] ContactDetailsService object created
2022-02-23 01:08:47,904 INFO com.technicalprashikshan.main.TechnicalPrashikshanApplication [restartedMain] Started TechnicalPrashikshanApplication in 0.652 seconds (JVM running for 2832.317)
2022-02-23 01:08:47,907 INFO com.technicalprashikshan.main.TechnicalPrashikshanApplication [restartedMain] Spring-boot application is deployed successfully
2022-02-23 01:09:00,132 INFO com.technicalprashikshan.main.TechnicalPrashikshanApplication [restartedMain] logger is configured successfully!
2022-02-23 01:09:00,175 INFO com.technicalprashikshan.main.TechnicalPrashikshanApplication [restartedMain] Starting TechnicalPrashikshanApplication using Java 11.0.12 on LAPTOP-6A9V4K7J with PID 22536 (C:\Code\TechnicalPrashikshan\SpringBoot\TechnicalPrashikshan\target\classes started by bornt in C:\Code\TechnicalPrashikshan\SpringBoot\TechnicalPrashikshan)
2022-02-23 01:09:00,176 INFO com.technicalprashikshan.main.TechnicalPrashikshanApplication [restartedMain] No active profile set, falling back to default profiles: default
2022-02-23 01:09:00,611 INFO com.technicalprashikshan.main.controller.ContactDetailsController [restartedMain] ContactDetailsController object created
2022-02-23 01:09:00,613 INFO com.technicalprashikshan.main.service.ContactDetailsService [restartedMain] ContactDetailsService object created
2022-02-23 01:09:00,799 INFO com.technicalprashikshan.main.TechnicalPrashikshanApplication [restartedMain] Started TechnicalPrashikshanApplication in 0.66 seconds (JVM running for 2845.212)
2022-02-23 01:09:00,801 INFO com.technicalprashikshan.main.TechnicalPrashikshanApplication [restartedMain] Spring-boot application is deployed successfully
2022-02-23 01:09:18,165 INFO com.technicalprashikshan.main.TechnicalPrashikshanApplication [restartedMain] logger is configured successfully!
2022-02-23 01:09:18,211 INFO com.technicalprashikshan.main.TechnicalPrashikshanApplication [restartedMain] Starting TechnicalPrashikshanApplication using Java 11.0.12 on LAPTOP-6A9V4K7J with PID 22536 (C:\Code\TechnicalPrashikshan\SpringBoot\TechnicalPrashikshan\target\classes started by bornt in C:\Code\TechnicalPrashikshan\SpringBoot\TechnicalPrashikshan)
2022-02-23 01:09:18,211 INFO com.technicalprashikshan.main.TechnicalPrashikshanApplication [restartedMain] No active profile set, falling back to default profiles: default
2022-02-23 01:09:18,537 INFO com.technicalprashikshan.main.controller.ContactDetailsController [restartedMain] ContactDetailsController object created
2022-02-23 01:09:18,538 INFO com.technicalprashikshan.main.service.ContactDetailsService [restartedMain] ContactDetailsService object created
2022-02-23 01:09:18,749 INFO com.technicalprashikshan.main.TechnicalPrashikshanApplication [restartedMain] Started TechnicalPrashikshanApplication in 0.577 seconds (JVM running for 2863.163)
2022-02-23 01:09:18,750 INFO com.technicalprashikshan.main.TechnicalPrashikshanApplication [restartedMain] Spring-boot application is deployed successfully
2022-02-23 01:09:41,326 INFO com.technicalprashikshan.main.TechnicalPrashikshanApplication [restartedMain] logger is configured successfully!
2022-02-23 01:09:41,373 INFO com.technicalprashikshan.main.TechnicalPrashikshanApplication [restartedMain] Starting TechnicalPrashikshanApplication using Java 11.0.12 on LAPTOP-6A9V4K7J with PID 22536 (C:\Code\TechnicalPrashikshan\SpringBoot\TechnicalPrashikshan\target\classes started by bornt in C:\Code\TechnicalPrashikshan\SpringBoot\TechnicalPrashikshan)
2022-02-23 01:09:41,373 INFO com.technicalprashikshan.main.TechnicalPrashikshanApplication [restartedMain] No active profile set, falling back to default profiles: default
2022-02-23 01:09:41,722 INFO com.technicalprashikshan.main.controller.ContactDetailsController [restartedMain] ContactDetailsController object created
2022-02-23 01:09:41,723 INFO com.technicalprashikshan.main.service.ContactDetailsService [restartedMain] ContactDetailsService object created
2022-02-23 01:09:41,919 INFO com.technicalprashikshan.main.TechnicalPrashikshanApplication [restartedMain] Started TechnicalPrashikshanApplication in 0.586 seconds (JVM running for 2886.332)
2022-02-23 01:09:41,922 INFO com.technicalprashikshan.main.TechnicalPrashikshanApplication [restartedMain] Spring-boot application is deployed successfully
2022-02-23 01:09:43,940 INFO com.technicalprashikshan.main.TechnicalPrashikshanApplication [restartedMain] logger is configured successfully!
2022-02-23 01:09:43,987 INFO com.technicalprashikshan.main.TechnicalPrashikshanApplication [restartedMain] Starting TechnicalPrashikshanApplication using Java 11.0.12 on LAPTOP-6A9V4K7J with PID 22536 (C:\Code\TechnicalPrashikshan\SpringBoot\TechnicalPrashikshan\target\classes started by bornt in C:\Code\TechnicalPrashikshan\SpringBoot\TechnicalPrashikshan)
2022-02-23 01:09:43,988 INFO com.technicalprashikshan.main.TechnicalPrashikshanApplication [restartedMain] No active profile set, falling back to default profiles: default
2022-02-23 01:09:44,342 INFO com.technicalprashikshan.main.controller.ContactDetailsController [restartedMain] ContactDetailsController object created
2022-02-23 01:09:44,344 INFO com.technicalprashikshan.main.service.ContactDetailsService [restartedMain] ContactDetailsService object created
2022-02-23 01:09:44,541 INFO com.technicalprashikshan.main.TechnicalPrashikshanApplication [restartedMain] Started TechnicalPrashikshanApplication in 0.594 seconds (JVM running for 2888.954)
2022-02-23 01:09:44,542 INFO com.technicalprashikshan.main.TechnicalPrashikshanApplication [restartedMain] Spring-boot application is deployed successfully
2022-02-23 01:12:23,351 INFO com.technicalprashikshan.main.TechnicalPrashikshanApplication [restartedMain] logger is configured successfully!
2022-02-23 01:12:23,402 INFO com.technicalprashikshan.main.TechnicalPrashikshanApplication [restartedMain] Starting TechnicalPrashikshanApplication using Java 11.0.12 on LAPTOP-6A9V4K7J with PID 22536 (C:\Code\TechnicalPrashikshan\SpringBoot\TechnicalPrashikshan\target\classes started by bornt in C:\Code\TechnicalPrashikshan\SpringBoot\TechnicalPrashikshan)
2022-02-23 01:12:23,403 INFO com.technicalprashikshan.main.TechnicalPrashikshanApplication [restartedMain] No active profile set, falling back to default profiles: default
2022-02-23 01:12:23,724 INFO com.technicalprashikshan.main.controller.ContactDetailsController [restartedMain] ContactDetailsController object created
2022-02-23 01:12:23,725 INFO com.technicalprashikshan.main.service.ContactDetailsService [restartedMain] ContactDetailsService object created
2022-02-23 01:12:23,901 INFO com.technicalprashikshan.main.TechnicalPrashikshanApplication [restartedMain] Started TechnicalPrashikshanApplication in 0.541 seconds (JVM running for 3048.313)
2022-02-23 01:12:23,903 INFO com.technicalprashikshan.main.TechnicalPrashikshanApplication [restartedMain] Spring-boot application is deployed successfully
2022-02-23 01:12:59,678 INFO com.technicalprashikshan.main.TechnicalPrashikshanApplication [restartedMain] logger is configured successfully!
2022-02-23 01:12:59,729 INFO com.technicalprashikshan.main.TechnicalPrashikshanApplication [restartedMain] Starting TechnicalPrashikshanApplication using Java 11.0.12 on LAPTOP-6A9V4K7J with PID 22536 (C:\Code\TechnicalPrashikshan\SpringBoot\TechnicalPrashikshan\target\classes started by bornt in C:\Code\TechnicalPrashikshan\SpringBoot\TechnicalPrashikshan)
2022-02-23 01:12:59,729 INFO com.technicalprashikshan.main.TechnicalPrashikshanApplication [restartedMain] No active profile set, falling back to default profiles: default
2022-02-23 01:13:00,103 INFO com.technicalprashikshan.main.controller.ContactDetailsController [restartedMain] ContactDetailsController object created
2022-02-23 01:13:00,105 INFO com.technicalprashikshan.main.service.ContactDetailsService [restartedMain] ContactDetailsService object created
2022-02-23 01:13:00,303 INFO com.technicalprashikshan.main.TechnicalPrashikshanApplication [restartedMain] Started TechnicalPrashikshanApplication in 0.619 seconds (JVM running for 3084.717)
2022-02-23 01:13:00,305 INFO com.technicalprashikshan.main.TechnicalPrashikshanApplication [restartedMain] Spring-boot application is deployed successfully
2022-02-23 01:14:06,343 INFO com.technicalprashikshan.main.TechnicalPrashikshanApplication [restartedMain] logger is configured successfully!
2022-02-23 01:14:06,382 INFO com.technicalprashikshan.main.TechnicalPrashikshanApplication [restartedMain] Starting TechnicalPrashikshanApplication using Java 11.0.12 on LAPTOP-6A9V4K7J with PID 22536 (C:\Code\TechnicalPrashikshan\SpringBoot\TechnicalPrashikshan\target\classes started by bornt in C:\Code\TechnicalPrashikshan\SpringBoot\TechnicalPrashikshan)
2022-02-23 01:14:06,383 INFO com.technicalprashikshan.main.TechnicalPrashikshanApplication [restartedMain] No active profile set, falling back to default profiles: default
2022-02-23 01:14:06,751 INFO com.technicalprashikshan.main.controller.ContactDetailsController [restartedMain] ContactDetailsController object created
2022-02-23 01:14:06,752 INFO com.technicalprashikshan.main.service.ContactDetailsService [restartedMain] ContactDetailsService object created
2022-02-23 01:14:06,936 INFO com.technicalprashikshan.main.TechnicalPrashikshanApplication [restartedMain] Started TechnicalPrashikshanApplication in 0.585 seconds (JVM running for 3151.348)
2022-02-23 01:14:06,938 INFO com.technicalprashikshan.main.TechnicalPrashikshanApplication [restartedMain] Spring-boot application is deployed successfully
2022-02-23 01:14:45,842 INFO com.technicalprashikshan.main.TechnicalPrashikshanApplication [restartedMain] logger is configured successfully!
2022-02-23 01:14:45,899 INFO com.technicalprashikshan.main.TechnicalPrashikshanApplication [restartedMain] Starting TechnicalPrashikshanApplication using Java 11.0.12 on LAPTOP-6A9V4K7J with PID 22536 (C:\Code\TechnicalPrashikshan\SpringBoot\TechnicalPrashikshan\target\classes started by bornt in C:\Code\TechnicalPrashikshan\SpringBoot\TechnicalPrashikshan)
2022-02-23 01:14:45,900 INFO com.technicalprashikshan.main.TechnicalPrashikshanApplication [restartedMain] No active profile set, falling back to default profiles: default
2022-02-23 01:14:46,280 INFO com.technicalprashikshan.main.controller.ContactDetailsController [restartedMain] ContactDetailsController object created
2022-02-23 01:14:46,281 INFO com.technicalprashikshan.main.service.ContactDetailsService [restartedMain] ContactDetailsService object created
2022-02-23 01:14:46,505 INFO com.technicalprashikshan.main.TechnicalPrashikshanApplication [restartedMain] Started TechnicalPrashikshanApplication in 0.653 seconds (JVM running for 3190.918)
2022-02-23 01:14:46,507 INFO com.technicalprashikshan.main.TechnicalPrashikshanApplication [restartedMain] Spring-boot application is deployed successfully
2022-02-23 01:15:25,419 INFO com.technicalprashikshan.main.TechnicalPrashikshanApplication [restartedMain] logger is configured successfully!
2022-02-23 01:15:25,468 INFO com.technicalprashikshan.main.TechnicalPrashikshanApplication [restartedMain] Starting TechnicalPrashikshanApplication using Java 11.0.12 on LAPTOP-6A9V4K7J with PID 22536 (C:\Code\TechnicalPrashikshan\SpringBoot\TechnicalPrashikshan\target\classes started by bornt in C:\Code\TechnicalPrashikshan\SpringBoot\TechnicalPrashikshan)
2022-02-23 01:15:25,469 INFO com.technicalprashikshan.main.TechnicalPrashikshanApplication [restartedMain] No active profile set, falling back to default profiles: default
2022-02-23 01:15:25,850 INFO com.technicalprashikshan.main.controller.ContactDetailsController [restartedMain] ContactDetailsController object created
2022-02-23 01:15:25,851 INFO com.technicalprashikshan.main.service.ContactDetailsService [restartedMain] ContactDetailsService object created
2022-02-23 01:15:26,040 INFO com.technicalprashikshan.main.TechnicalPrashikshanApplication [restartedMain] Started TechnicalPrashikshanApplication in 0.613 seconds (JVM running for 3230.453)
2022-02-23 01:15:26,042 INFO com.technicalprashikshan.main.TechnicalPrashikshanApplication [restartedMain] Spring-boot application is deployed successfully
2022-02-23 01:15:28,066 INFO com.technicalprashikshan.main.TechnicalPrashikshanApplication [restartedMain] logger is configured successfully!
2022-02-23 01:15:28,110 INFO com.technicalprashikshan.main.TechnicalPrashikshanApplication [restartedMain] Starting TechnicalPrashikshanApplication using Java 11.0.12 on LAPTOP-6A9V4K7J with PID 22536 (C:\Code\TechnicalPrashikshan\SpringBoot\TechnicalPrashikshan\target\classes started by bornt in C:\Code\TechnicalPrashikshan\SpringBoot\TechnicalPrashikshan)
2022-02-23 01:15:28,110 INFO com.technicalprashikshan.main.TechnicalPrashikshanApplication [restartedMain] No active profile set, falling back to default profiles: default
2022-02-23 01:15:28,461 INFO com.technicalprashikshan.main.controller.ContactDetailsController [restartedMain] ContactDetailsController object created
2022-02-23 01:15:28,462 INFO com.technicalprashikshan.main.service.ContactDetailsService [restartedMain] ContactDetailsService object created
2022-02-23 01:15:28,653 INFO com.technicalprashikshan.main.TechnicalPrashikshanApplication [restartedMain] Started TechnicalPrashikshanApplication in 0.58 seconds (JVM running for 3233.066)
2022-02-23 01:15:28,655 INFO com.technicalprashikshan.main.TechnicalPrashikshanApplication [restartedMain] Spring-boot application is deployed successfully
2022-02-23 01:15:42,002 INFO com.technicalprashikshan.main.TechnicalPrashikshanApplication [restartedMain] logger is configured successfully!
2022-02-23 01:15:42,057 INFO com.technicalprashikshan.main.TechnicalPrashikshanApplication [restartedMain] Starting TechnicalPrashikshanApplication using Java 11.0.12 on LAPTOP-6A9V4K7J with PID 22536 (C:\Code\TechnicalPrashikshan\SpringBoot\TechnicalPrashikshan\target\classes started by bornt in C:\Code\TechnicalPrashikshan\SpringBoot\TechnicalPrashikshan)
2022-02-23 01:15:42,058 INFO com.technicalprashikshan.main.TechnicalPrashikshanApplication [restartedMain] No active profile set, falling back to default profiles: default
2022-02-23 01:15:42,454 INFO com.technicalprashikshan.main.controller.ContactDetailsController [restartedMain] ContactDetailsController object created
2022-02-23 01:15:42,455 INFO com.technicalprashikshan.main.service.ContactDetailsService [restartedMain] ContactDetailsService object created
2022-02-23 01:15:42,647 INFO com.technicalprashikshan.main.TechnicalPrashikshanApplication [restartedMain] Started TechnicalPrashikshanApplication in 0.637 seconds (JVM running for 3247.06)
2022-02-23 01:15:42,649 INFO com.technicalprashikshan.main.TechnicalPrashikshanApplication [restartedMain] Spring-boot application is deployed successfully
2022-02-23 01:15:55,907 INFO com.technicalprashikshan.main.TechnicalPrashikshanApplication [restartedMain] logger is configured successfully!
2022-02-23 01:15:55,953 INFO com.technicalprashikshan.main.TechnicalPrashikshanApplication [restartedMain] Starting TechnicalPrashikshanApplication using Java 11.0.12 on LAPTOP-6A9V4K7J with PID 22536 (C:\Code\TechnicalPrashikshan\SpringBoot\TechnicalPrashikshan\target\classes started by bornt in C:\Code\TechnicalPrashikshan\SpringBoot\TechnicalPrashikshan)
2022-02-23 01:15:55,954 INFO com.technicalprashikshan.main.TechnicalPrashikshanApplication [restartedMain] No active profile set, falling back to default profiles: default
2022-02-23 01:15:56,325 INFO com.technicalprashikshan.main.controller.ContactDetailsController [restartedMain] ContactDetailsController object created
2022-02-23 01:15:56,327 INFO com.technicalprashikshan.main.service.ContactDetailsService [restartedMain] ContactDetailsService object created
2022-02-23 01:15:56,536 INFO com.technicalprashikshan.main.TechnicalPrashikshanApplication [restartedMain] Started TechnicalPrashikshanApplication in 0.622 seconds (JVM running for 3260.949)
2022-02-23 01:15:56,539 INFO com.technicalprashikshan.main.TechnicalPrashikshanApplication [restartedMain] Spring-boot application is deployed successfully
