2022-03-23 15:51:12,898 INFO com.technicalprashikshan.main.TechnicalPrashikshanApplication [main] logger is configured successfully!
2022-03-23 15:51:13,085 INFO com.technicalprashikshan.main.TechnicalPrashikshanApplication [restartedMain] logger is configured successfully!
2022-03-23 15:51:13,422 INFO com.technicalprashikshan.main.TechnicalPrashikshanApplication [restartedMain] Starting TechnicalPrashikshanApplication using Java 17.0.1 on BornToCode with PID 126352 (C:\Technical_Prashikshan\Spring_Boot\TechnicalPrashikshan\TechnicalPrashikshan\target\classes started by bornt in C:\Technical_Prashikshan\Spring_Boot\TechnicalPrashikshan\TechnicalPrashikshan)
2022-03-23 15:51:13,422 INFO com.technicalprashikshan.main.TechnicalPrashikshanApplication [restartedMain] No active profile set, falling back to default profiles: default
2022-03-23 15:51:15,016 INFO com.technicalprashikshan.main.controller.BankingDetailsController [restartedMain] BankingDetailsController object created
2022-03-23 15:51:15,103 INFO com.technicalprashikshan.main.controller.ClientDetailsController [restartedMain] ClientDetailsController object created
2022-03-23 15:51:15,113 INFO com.technicalprashikshan.main.controller.ContactDetailsController [restartedMain] ContactDetailsController object created
2022-03-23 15:51:15,114 INFO com.technicalprashikshan.main.service.ContactDetailsService [restartedMain] ContactDetailsService object created
2022-03-23 15:51:15,124 INFO com.technicalprashikshan.main.controller.DaysDetailsController [restartedMain] DaysDetailsController object created
2022-03-23 15:51:15,134 INFO com.technicalprashikshan.main.controller.FilesDetailsController [restartedMain] FilesDetailsController object created
2022-03-23 15:51:15,144 INFO com.technicalprashikshan.main.controller.FinancialYearDetailsController [restartedMain] FinancialYearDetailsController object created
2022-03-23 15:51:15,154 INFO com.technicalprashikshan.main.controller.InvoiceDetailsController [restartedMain] InvoiceDetailsController object created
2022-03-23 15:51:15,162 INFO com.technicalprashikshan.main.controller.MonthsDetailsController [restartedMain] MonthsDetailsController object created
2022-03-23 15:51:15,173 INFO com.technicalprashikshan.main.controller.PurchaseOrderDetailsController [restartedMain] PurchaseOrderDetailsController object created
2022-03-23 15:51:15,183 INFO com.technicalprashikshan.main.controller.TrainerDetailsController [restartedMain] TrainerDetailsController object created
2022-03-23 15:51:15,192 INFO com.technicalprashikshan.main.controller.TrainingDatesDetailsController [restartedMain] TrainingDatesDetailsController object created
2022-03-23 15:51:15,199 INFO com.technicalprashikshan.main.controller.TrainingDetailsController [restartedMain] TrainingDetailsController object created
2022-03-23 15:51:15,204 INFO com.technicalprashikshan.main.controller.UserDetailsController [restartedMain] UserDetailsController object created
2022-03-23 15:51:15,212 INFO com.technicalprashikshan.main.controller.VendorDetailsController [restartedMain] VendorDetailsController object created
2022-03-23 15:51:16,257 INFO com.technicalprashikshan.main.TechnicalPrashikshanApplication [restartedMain] Started TechnicalPrashikshanApplication in 3.166 seconds (JVM running for 3.761)
2022-03-23 15:51:16,264 INFO com.technicalprashikshan.main.TechnicalPrashikshanApplication [restartedMain] Spring Boot application is deployed successfully!!
2022-03-23 15:52:09,485 INFO com.technicalprashikshan.main.controller.UserDetailsController [http-nio-8080-exec-2] userLogin
2022-03-23 15:52:09,486 INFO com.technicalprashikshan.main.controller.UserDetailsController [http-nio-8080-exec-2] UserDetails [userId=1, password=Bahubali@01, role=]
2022-03-23 15:52:09,611 INFO com.technicalprashikshan.main.dao.rowmappers.UserDetailsRowMapper [http-nio-8080-exec-2] UserDetailsRowMapper mapRow
2022-03-23 15:52:09,613 INFO com.technicalprashikshan.main.dao.rowmappers.UserDetailsRowMapper [http-nio-8080-exec-2] UserDetails [userId=1, password=Bahubali@01, role=Trainer]
2022-03-23 15:53:42,822 INFO com.technicalprashikshan.main.controller.UserDetailsController [http-nio-8080-exec-4] userLogin
2022-03-23 15:53:42,823 INFO com.technicalprashikshan.main.controller.UserDetailsController [http-nio-8080-exec-4] UserDetails [userId=1, password=Bahubali@01, role=]
2022-03-23 15:53:42,826 INFO com.technicalprashikshan.main.dao.rowmappers.UserDetailsRowMapper [http-nio-8080-exec-4] UserDetailsRowMapper mapRow
2022-03-23 15:53:42,827 INFO com.technicalprashikshan.main.dao.rowmappers.UserDetailsRowMapper [http-nio-8080-exec-4] UserDetails [userId=1, password=Bahubali@01, role=Trainer]
2022-03-23 16:05:12,932 INFO com.technicalprashikshan.main.controller.UserDetailsController [http-nio-8080-exec-6] userLogin
2022-03-23 16:05:12,932 INFO com.technicalprashikshan.main.controller.UserDetailsController [http-nio-8080-exec-6] UserDetails [userId=1, password=Bahubali@01, role=]
2022-03-23 16:05:12,935 INFO com.technicalprashikshan.main.dao.rowmappers.UserDetailsRowMapper [http-nio-8080-exec-6] UserDetailsRowMapper mapRow
2022-03-23 16:05:12,935 INFO com.technicalprashikshan.main.dao.rowmappers.UserDetailsRowMapper [http-nio-8080-exec-6] UserDetails [userId=1, password=Bahubali@01, role=Trainer]
2022-03-23 16:16:19,930 INFO com.technicalprashikshan.main.TechnicalPrashikshanApplication [restartedMain] logger is configured successfully!
2022-03-23 16:16:19,970 INFO com.technicalprashikshan.main.TechnicalPrashikshanApplication [restartedMain] Starting TechnicalPrashikshanApplication using Java 17.0.1 on BornToCode with PID 126352 (C:\Technical_Prashikshan\Spring_Boot\TechnicalPrashikshan\TechnicalPrashikshan\target\classes started by bornt in C:\Technical_Prashikshan\Spring_Boot\TechnicalPrashikshan\TechnicalPrashikshan)
2022-03-23 16:16:19,970 INFO com.technicalprashikshan.main.TechnicalPrashikshanApplication [restartedMain] No active profile set, falling back to default profiles: default
2022-03-23 16:16:20,357 INFO com.technicalprashikshan.main.controller.BankingDetailsController [restartedMain] BankingDetailsController object created
2022-03-23 16:16:20,387 INFO com.technicalprashikshan.main.controller.ClientDetailsController [restartedMain] ClientDetailsController object created
2022-03-23 16:16:20,394 INFO com.technicalprashikshan.main.controller.ContactDetailsController [restartedMain] ContactDetailsController object created
2022-03-23 16:16:20,395 INFO com.technicalprashikshan.main.service.ContactDetailsService [restartedMain] ContactDetailsService object created
2022-03-23 16:16:20,400 INFO com.technicalprashikshan.main.controller.DaysDetailsController [restartedMain] DaysDetailsController object created
2022-03-23 16:16:20,406 INFO com.technicalprashikshan.main.controller.FilesDetailsController [restartedMain] FilesDetailsController object created
2022-03-23 16:16:20,413 INFO com.technicalprashikshan.main.controller.FinancialYearDetailsController [restartedMain] FinancialYearDetailsController object created
2022-03-23 16:16:20,419 INFO com.technicalprashikshan.main.controller.InvoiceDetailsController [restartedMain] InvoiceDetailsController object created
2022-03-23 16:16:20,424 INFO com.technicalprashikshan.main.controller.MonthsDetailsController [restartedMain] MonthsDetailsController object created
2022-03-23 16:16:20,431 INFO com.technicalprashikshan.main.controller.PurchaseOrderDetailsController [restartedMain] PurchaseOrderDetailsController object created
2022-03-23 16:16:20,438 INFO com.technicalprashikshan.main.controller.TrainerDetailsController [restartedMain] TrainerDetailsController object created
2022-03-23 16:16:20,444 INFO com.technicalprashikshan.main.controller.TrainingDatesDetailsController [restartedMain] TrainingDatesDetailsController object created
2022-03-23 16:16:20,451 INFO com.technicalprashikshan.main.controller.TrainingDetailsController [restartedMain] TrainingDetailsController object created
2022-03-23 16:16:20,457 INFO com.technicalprashikshan.main.controller.UserDetailsController [restartedMain] UserDetailsController object created
2022-03-23 16:16:20,464 INFO com.technicalprashikshan.main.controller.VendorDetailsController [restartedMain] VendorDetailsController object created
2022-03-23 16:16:20,634 INFO com.technicalprashikshan.main.TechnicalPrashikshanApplication [restartedMain] Started TechnicalPrashikshanApplication in 0.698 seconds (JVM running for 1508.137)
2022-03-23 16:16:20,636 INFO com.technicalprashikshan.main.TechnicalPrashikshanApplication [restartedMain] Spring Boot application is deployed successfully!!
2022-03-23 16:16:46,506 INFO com.technicalprashikshan.main.TechnicalPrashikshanApplication [restartedMain] logger is configured successfully!
2022-03-23 16:16:46,543 INFO com.technicalprashikshan.main.TechnicalPrashikshanApplication [restartedMain] Starting TechnicalPrashikshanApplication using Java 17.0.1 on BornToCode with PID 126352 (C:\Technical_Prashikshan\Spring_Boot\TechnicalPrashikshan\TechnicalPrashikshan\target\classes started by bornt in C:\Technical_Prashikshan\Spring_Boot\TechnicalPrashikshan\TechnicalPrashikshan)
2022-03-23 16:16:46,543 INFO com.technicalprashikshan.main.TechnicalPrashikshanApplication [restartedMain] No active profile set, falling back to default profiles: default
2022-03-23 16:16:46,972 INFO com.technicalprashikshan.main.controller.BankingDetailsController [restartedMain] BankingDetailsController object created
2022-03-23 16:16:47,003 INFO com.technicalprashikshan.main.controller.ClientDetailsController [restartedMain] ClientDetailsController object created
2022-03-23 16:16:47,009 INFO com.technicalprashikshan.main.controller.ContactDetailsController [restartedMain] ContactDetailsController object created
2022-03-23 16:16:47,011 INFO com.technicalprashikshan.main.service.ContactDetailsService [restartedMain] ContactDetailsService object created
2022-03-23 16:16:47,015 INFO com.technicalprashikshan.main.controller.DaysDetailsController [restartedMain] DaysDetailsController object created
2022-03-23 16:16:47,022 INFO com.technicalprashikshan.main.controller.FilesDetailsController [restartedMain] FilesDetailsController object created
2022-03-23 16:16:47,030 INFO com.technicalprashikshan.main.controller.FinancialYearDetailsController [restartedMain] FinancialYearDetailsController object created
2022-03-23 16:16:47,036 INFO com.technicalprashikshan.main.controller.InvoiceDetailsController [restartedMain] InvoiceDetailsController object created
2022-03-23 16:16:47,042 INFO com.technicalprashikshan.main.controller.MonthsDetailsController [restartedMain] MonthsDetailsController object created
2022-03-23 16:16:47,048 INFO com.technicalprashikshan.main.controller.PurchaseOrderDetailsController [restartedMain] PurchaseOrderDetailsController object created
2022-03-23 16:16:47,056 INFO com.technicalprashikshan.main.controller.TrainerDetailsController [restartedMain] TrainerDetailsController object created
2022-03-23 16:16:47,062 INFO com.technicalprashikshan.main.controller.TrainingDatesDetailsController [restartedMain] TrainingDatesDetailsController object created
2022-03-23 16:16:47,068 INFO com.technicalprashikshan.main.controller.TrainingDetailsController [restartedMain] TrainingDetailsController object created
2022-03-23 16:16:47,074 INFO com.technicalprashikshan.main.controller.UserDetailsController [restartedMain] UserDetailsController object created
2022-03-23 16:16:47,078 INFO com.technicalprashikshan.main.controller.VendorDetailsController [restartedMain] VendorDetailsController object created
2022-03-23 16:16:47,219 INFO com.technicalprashikshan.main.TechnicalPrashikshanApplication [restartedMain] Started TechnicalPrashikshanApplication in 0.707 seconds (JVM running for 1534.723)
2022-03-23 16:16:47,221 INFO com.technicalprashikshan.main.TechnicalPrashikshanApplication [restartedMain] Spring Boot application is deployed successfully!!
2022-03-23 16:17:09,515 INFO com.technicalprashikshan.main.TechnicalPrashikshanApplication [restartedMain] logger is configured successfully!
2022-03-23 16:17:09,554 INFO com.technicalprashikshan.main.TechnicalPrashikshanApplication [restartedMain] Starting TechnicalPrashikshanApplication using Java 17.0.1 on BornToCode with PID 126352 (C:\Technical_Prashikshan\Spring_Boot\TechnicalPrashikshan\TechnicalPrashikshan\target\classes started by bornt in C:\Technical_Prashikshan\Spring_Boot\TechnicalPrashikshan\TechnicalPrashikshan)
2022-03-23 16:17:09,554 INFO com.technicalprashikshan.main.TechnicalPrashikshanApplication [restartedMain] No active profile set, falling back to default profiles: default
2022-03-23 16:17:09,875 INFO com.technicalprashikshan.main.controller.BankingDetailsController [restartedMain] BankingDetailsController object created
2022-03-23 16:17:09,901 INFO com.technicalprashikshan.main.controller.ClientDetailsController [restartedMain] ClientDetailsController object created
2022-03-23 16:17:09,907 INFO com.technicalprashikshan.main.controller.ContactDetailsController [restartedMain] ContactDetailsController object created
2022-03-23 16:17:09,908 INFO com.technicalprashikshan.main.service.ContactDetailsService [restartedMain] ContactDetailsService object created
2022-03-23 16:17:09,912 INFO com.technicalprashikshan.main.controller.DaysDetailsController [restartedMain] DaysDetailsController object created
2022-03-23 16:17:09,918 INFO com.technicalprashikshan.main.controller.FilesDetailsController [restartedMain] FilesDetailsController object created
2022-03-23 16:17:09,926 INFO com.technicalprashikshan.main.controller.FinancialYearDetailsController [restartedMain] FinancialYearDetailsController object created
2022-03-23 16:17:09,931 INFO com.technicalprashikshan.main.controller.InvoiceDetailsController [restartedMain] InvoiceDetailsController object created
2022-03-23 16:17:09,935 INFO com.technicalprashikshan.main.controller.MonthsDetailsController [restartedMain] MonthsDetailsController object created
2022-03-23 16:17:09,940 INFO com.technicalprashikshan.main.controller.PurchaseOrderDetailsController [restartedMain] PurchaseOrderDetailsController object created
2022-03-23 16:17:09,946 INFO com.technicalprashikshan.main.controller.TrainerDetailsController [restartedMain] TrainerDetailsController object created
2022-03-23 16:17:09,952 INFO com.technicalprashikshan.main.controller.TrainingDatesDetailsController [restartedMain] TrainingDatesDetailsController object created
2022-03-23 16:17:09,960 INFO com.technicalprashikshan.main.controller.TrainingDetailsController [restartedMain] TrainingDetailsController object created
2022-03-23 16:17:09,966 INFO com.technicalprashikshan.main.controller.UserDetailsController [restartedMain] UserDetailsController object created
2022-03-23 16:17:09,972 INFO com.technicalprashikshan.main.controller.VendorDetailsController [restartedMain] VendorDetailsController object created
2022-03-23 16:17:10,129 INFO com.technicalprashikshan.main.TechnicalPrashikshanApplication [restartedMain] Started TechnicalPrashikshanApplication in 0.609 seconds (JVM running for 1557.632)
2022-03-23 16:17:10,131 INFO com.technicalprashikshan.main.TechnicalPrashikshanApplication [restartedMain] Spring Boot application is deployed successfully!!
2022-03-23 16:18:57,043 INFO com.technicalprashikshan.main.TechnicalPrashikshanApplication [restartedMain] logger is configured successfully!
2022-03-23 16:18:57,069 INFO com.technicalprashikshan.main.TechnicalPrashikshanApplication [restartedMain] Starting TechnicalPrashikshanApplication using Java 17.0.1 on BornToCode with PID 126352 (C:\Technical_Prashikshan\Spring_Boot\TechnicalPrashikshan\TechnicalPrashikshan\target\classes started by bornt in C:\Technical_Prashikshan\Spring_Boot\TechnicalPrashikshan\TechnicalPrashikshan)
2022-03-23 16:18:57,069 INFO com.technicalprashikshan.main.TechnicalPrashikshanApplication [restartedMain] No active profile set, falling back to default profiles: default
2022-03-23 16:18:57,342 INFO com.technicalprashikshan.main.controller.BankingDetailsController [restartedMain] BankingDetailsController object created
2022-03-23 16:18:57,365 INFO com.technicalprashikshan.main.controller.ClientDetailsController [restartedMain] ClientDetailsController object created
2022-03-23 16:18:57,370 INFO com.technicalprashikshan.main.controller.ContactDetailsController [restartedMain] ContactDetailsController object created
2022-03-23 16:18:57,371 INFO com.technicalprashikshan.main.service.ContactDetailsService [restartedMain] ContactDetailsService object created
2022-03-23 16:18:57,377 INFO com.technicalprashikshan.main.controller.DaysDetailsController [restartedMain] DaysDetailsController object created
2022-03-23 16:18:57,383 INFO com.technicalprashikshan.main.controller.FilesDetailsController [restartedMain] FilesDetailsController object created
2022-03-23 16:18:57,387 INFO com.technicalprashikshan.main.controller.FinancialYearDetailsController [restartedMain] FinancialYearDetailsController object created
2022-03-23 16:18:57,392 INFO com.technicalprashikshan.main.controller.InvoiceDetailsController [restartedMain] InvoiceDetailsController object created
2022-03-23 16:18:57,397 INFO com.technicalprashikshan.main.controller.MonthsDetailsController [restartedMain] MonthsDetailsController object created
2022-03-23 16:18:57,402 INFO com.technicalprashikshan.main.controller.PurchaseOrderDetailsController [restartedMain] PurchaseOrderDetailsController object created
2022-03-23 16:18:57,405 INFO com.technicalprashikshan.main.controller.TrainerDetailsController [restartedMain] TrainerDetailsController object created
2022-03-23 16:18:57,411 INFO com.technicalprashikshan.main.controller.TrainingDatesDetailsController [restartedMain] TrainingDatesDetailsController object created
2022-03-23 16:18:57,418 INFO com.technicalprashikshan.main.controller.TrainingDetailsController [restartedMain] TrainingDetailsController object created
2022-03-23 16:18:57,422 INFO com.technicalprashikshan.main.controller.UserDetailsController [restartedMain] UserDetailsController object created
2022-03-23 16:18:57,427 INFO com.technicalprashikshan.main.controller.VendorDetailsController [restartedMain] VendorDetailsController object created
2022-03-23 16:18:57,533 INFO com.technicalprashikshan.main.TechnicalPrashikshanApplication [restartedMain] Started TechnicalPrashikshanApplication in 0.487 seconds (JVM running for 1665.037)
2022-03-23 16:18:57,534 INFO com.technicalprashikshan.main.TechnicalPrashikshanApplication [restartedMain] Spring Boot application is deployed successfully!!
2022-03-23 16:21:30,242 INFO com.technicalprashikshan.main.TechnicalPrashikshanApplication [restartedMain] logger is configured successfully!
2022-03-23 16:21:30,275 INFO com.technicalprashikshan.main.TechnicalPrashikshanApplication [restartedMain] Starting TechnicalPrashikshanApplication using Java 17.0.1 on BornToCode with PID 126352 (C:\Technical_Prashikshan\Spring_Boot\TechnicalPrashikshan\TechnicalPrashikshan\target\classes started by bornt in C:\Technical_Prashikshan\Spring_Boot\TechnicalPrashikshan\TechnicalPrashikshan)
2022-03-23 16:21:30,275 INFO com.technicalprashikshan.main.TechnicalPrashikshanApplication [restartedMain] No active profile set, falling back to default profiles: default
2022-03-23 16:21:30,577 INFO com.technicalprashikshan.main.controller.BankingDetailsController [restartedMain] BankingDetailsController object created
2022-03-23 16:21:30,605 INFO com.technicalprashikshan.main.controller.ClientDetailsController [restartedMain] ClientDetailsController object created
2022-03-23 16:21:30,612 INFO com.technicalprashikshan.main.controller.ContactDetailsController [restartedMain] ContactDetailsController object created
2022-03-23 16:21:30,613 INFO com.technicalprashikshan.main.service.ContactDetailsService [restartedMain] ContactDetailsService object created
2022-03-23 16:21:30,618 INFO com.technicalprashikshan.main.controller.DaysDetailsController [restartedMain] DaysDetailsController object created
2022-03-23 16:21:30,626 INFO com.technicalprashikshan.main.controller.FilesDetailsController [restartedMain] FilesDetailsController object created
2022-03-23 16:21:30,632 INFO com.technicalprashikshan.main.controller.FinancialYearDetailsController [restartedMain] FinancialYearDetailsController object created
2022-03-23 16:21:30,639 INFO com.technicalprashikshan.main.controller.InvoiceDetailsController [restartedMain] InvoiceDetailsController object created
2022-03-23 16:21:30,646 INFO com.technicalprashikshan.main.controller.MonthsDetailsController [restartedMain] MonthsDetailsController object created
2022-03-23 16:21:30,654 INFO com.technicalprashikshan.main.controller.PurchaseOrderDetailsController [restartedMain] PurchaseOrderDetailsController object created
2022-03-23 16:21:30,662 INFO com.technicalprashikshan.main.controller.TrainerDetailsController [restartedMain] TrainerDetailsController object created
2022-03-23 16:21:30,670 INFO com.technicalprashikshan.main.controller.TrainingDatesDetailsController [restartedMain] TrainingDatesDetailsController object created
2022-03-23 16:21:30,677 INFO com.technicalprashikshan.main.controller.TrainingDetailsController [restartedMain] TrainingDetailsController object created
2022-03-23 16:21:30,684 INFO com.technicalprashikshan.main.controller.UserDetailsController [restartedMain] UserDetailsController object created
2022-03-23 16:21:30,692 INFO com.technicalprashikshan.main.controller.VendorDetailsController [restartedMain] VendorDetailsController object created
2022-03-23 16:21:30,814 INFO com.technicalprashikshan.main.TechnicalPrashikshanApplication [restartedMain] Started TechnicalPrashikshanApplication in 0.567 seconds (JVM running for 1818.318)
2022-03-23 16:21:30,816 INFO com.technicalprashikshan.main.TechnicalPrashikshanApplication [restartedMain] Spring Boot application is deployed successfully!!
2022-03-23 16:21:32,374 INFO com.technicalprashikshan.main.TechnicalPrashikshanApplication [restartedMain] logger is configured successfully!
2022-03-23 16:21:32,410 INFO com.technicalprashikshan.main.TechnicalPrashikshanApplication [restartedMain] Starting TechnicalPrashikshanApplication using Java 17.0.1 on BornToCode with PID 126352 (C:\Technical_Prashikshan\Spring_Boot\TechnicalPrashikshan\TechnicalPrashikshan\target\classes started by bornt in C:\Technical_Prashikshan\Spring_Boot\TechnicalPrashikshan\TechnicalPrashikshan)
2022-03-23 16:21:32,410 INFO com.technicalprashikshan.main.TechnicalPrashikshanApplication [restartedMain] No active profile set, falling back to default profiles: default
2022-03-23 16:21:32,714 INFO com.technicalprashikshan.main.controller.BankingDetailsController [restartedMain] BankingDetailsController object created
2022-03-23 16:21:32,736 INFO com.technicalprashikshan.main.controller.ClientDetailsController [restartedMain] ClientDetailsController object created
2022-03-23 16:21:32,740 INFO com.technicalprashikshan.main.controller.ContactDetailsController [restartedMain] ContactDetailsController object created
2022-03-23 16:21:32,741 INFO com.technicalprashikshan.main.service.ContactDetailsService [restartedMain] ContactDetailsService object created
2022-03-23 16:21:32,746 INFO com.technicalprashikshan.main.controller.DaysDetailsController [restartedMain] DaysDetailsController object created
2022-03-23 16:21:32,754 INFO com.technicalprashikshan.main.controller.FilesDetailsController [restartedMain] FilesDetailsController object created
2022-03-23 16:21:32,759 INFO com.technicalprashikshan.main.controller.FinancialYearDetailsController [restartedMain] FinancialYearDetailsController object created
2022-03-23 16:21:32,765 INFO com.technicalprashikshan.main.controller.InvoiceDetailsController [restartedMain] InvoiceDetailsController object created
2022-03-23 16:21:32,768 INFO com.technicalprashikshan.main.controller.MonthsDetailsController [restartedMain] MonthsDetailsController object created
2022-03-23 16:21:32,772 INFO com.technicalprashikshan.main.controller.PurchaseOrderDetailsController [restartedMain] PurchaseOrderDetailsController object created
2022-03-23 16:21:32,776 INFO com.technicalprashikshan.main.controller.TrainerDetailsController [restartedMain] TrainerDetailsController object created
2022-03-23 16:21:32,781 INFO com.technicalprashikshan.main.controller.TrainingDatesDetailsController [restartedMain] TrainingDatesDetailsController object created
2022-03-23 16:21:32,785 INFO com.technicalprashikshan.main.controller.TrainingDetailsController [restartedMain] TrainingDetailsController object created
2022-03-23 16:21:32,791 INFO com.technicalprashikshan.main.controller.UserDetailsController [restartedMain] UserDetailsController object created
2022-03-23 16:21:32,796 INFO com.technicalprashikshan.main.controller.VendorDetailsController [restartedMain] VendorDetailsController object created
2022-03-23 16:21:32,929 INFO com.technicalprashikshan.main.TechnicalPrashikshanApplication [restartedMain] Started TechnicalPrashikshanApplication in 0.55 seconds (JVM running for 1820.432)
2022-03-23 16:21:32,931 INFO com.technicalprashikshan.main.TechnicalPrashikshanApplication [restartedMain] Spring Boot application is deployed successfully!!
2022-03-23 16:22:09,718 INFO com.technicalprashikshan.main.TechnicalPrashikshanApplication [restartedMain] logger is configured successfully!
2022-03-23 16:22:09,752 INFO com.technicalprashikshan.main.TechnicalPrashikshanApplication [restartedMain] Starting TechnicalPrashikshanApplication using Java 17.0.1 on BornToCode with PID 126352 (C:\Technical_Prashikshan\Spring_Boot\TechnicalPrashikshan\TechnicalPrashikshan\target\classes started by bornt in C:\Technical_Prashikshan\Spring_Boot\TechnicalPrashikshan\TechnicalPrashikshan)
2022-03-23 16:22:09,753 INFO com.technicalprashikshan.main.TechnicalPrashikshanApplication [restartedMain] No active profile set, falling back to default profiles: default
2022-03-23 16:22:10,052 INFO com.technicalprashikshan.main.controller.BankingDetailsController [restartedMain] BankingDetailsController object created
2022-03-23 16:22:10,073 INFO com.technicalprashikshan.main.controller.ClientDetailsController [restartedMain] ClientDetailsController object created
2022-03-23 16:22:10,078 INFO com.technicalprashikshan.main.controller.ContactDetailsController [restartedMain] ContactDetailsController object created
2022-03-23 16:22:10,079 INFO com.technicalprashikshan.main.service.ContactDetailsService [restartedMain] ContactDetailsService object created
2022-03-23 16:22:10,084 INFO com.technicalprashikshan.main.controller.DaysDetailsController [restartedMain] DaysDetailsController object created
2022-03-23 16:22:10,092 INFO com.technicalprashikshan.main.controller.FilesDetailsController [restartedMain] FilesDetailsController object created
2022-03-23 16:22:10,098 INFO com.technicalprashikshan.main.controller.FinancialYearDetailsController [restartedMain] FinancialYearDetailsController object created
2022-03-23 16:22:10,104 INFO com.technicalprashikshan.main.controller.InvoiceDetailsController [restartedMain] InvoiceDetailsController object created
2022-03-23 16:22:10,109 INFO com.technicalprashikshan.main.controller.MonthsDetailsController [restartedMain] MonthsDetailsController object created
2022-03-23 16:22:10,113 INFO com.technicalprashikshan.main.controller.PurchaseOrderDetailsController [restartedMain] PurchaseOrderDetailsController object created
2022-03-23 16:22:10,118 INFO com.technicalprashikshan.main.controller.TrainerDetailsController [restartedMain] TrainerDetailsController object created
2022-03-23 16:22:10,124 INFO com.technicalprashikshan.main.controller.TrainingDatesDetailsController [restartedMain] TrainingDatesDetailsController object created
2022-03-23 16:22:10,128 INFO com.technicalprashikshan.main.controller.TrainingDetailsController [restartedMain] TrainingDetailsController object created
2022-03-23 16:22:10,134 INFO com.technicalprashikshan.main.controller.UserDetailsController [restartedMain] UserDetailsController object created
2022-03-23 16:22:10,140 INFO com.technicalprashikshan.main.controller.VendorDetailsController [restartedMain] VendorDetailsController object created
2022-03-23 16:22:10,254 INFO com.technicalprashikshan.main.TechnicalPrashikshanApplication [restartedMain] Started TechnicalPrashikshanApplication in 0.53 seconds (JVM running for 1857.757)
2022-03-23 16:22:10,255 INFO com.technicalprashikshan.main.TechnicalPrashikshanApplication [restartedMain] Spring Boot application is deployed successfully!!
2022-03-23 16:22:19,046 INFO com.technicalprashikshan.main.TechnicalPrashikshanApplication [restartedMain] logger is configured successfully!
2022-03-23 16:22:19,101 INFO com.technicalprashikshan.main.TechnicalPrashikshanApplication [restartedMain] Starting TechnicalPrashikshanApplication using Java 17.0.1 on BornToCode with PID 126352 (C:\Technical_Prashikshan\Spring_Boot\TechnicalPrashikshan\TechnicalPrashikshan\target\classes started by bornt in C:\Technical_Prashikshan\Spring_Boot\TechnicalPrashikshan\TechnicalPrashikshan)
2022-03-23 16:22:19,102 INFO com.technicalprashikshan.main.TechnicalPrashikshanApplication [restartedMain] No active profile set, falling back to default profiles: default
2022-03-23 16:22:19,424 INFO com.technicalprashikshan.main.controller.BankingDetailsController [restartedMain] BankingDetailsController object created
2022-03-23 16:22:19,446 INFO com.technicalprashikshan.main.controller.ClientDetailsController [restartedMain] ClientDetailsController object created
2022-03-23 16:22:19,451 INFO com.technicalprashikshan.main.controller.ContactDetailsController [restartedMain] ContactDetailsController object created
2022-03-23 16:22:19,452 INFO com.technicalprashikshan.main.service.ContactDetailsService [restartedMain] ContactDetailsService object created
2022-03-23 16:22:19,457 INFO com.technicalprashikshan.main.controller.DaysDetailsController [restartedMain] DaysDetailsController object created
2022-03-23 16:22:19,462 INFO com.technicalprashikshan.main.controller.FilesDetailsController [restartedMain] FilesDetailsController object created
2022-03-23 16:22:19,467 INFO com.technicalprashikshan.main.controller.FinancialYearDetailsController [restartedMain] FinancialYearDetailsController object created
2022-03-23 16:22:19,474 INFO com.technicalprashikshan.main.controller.InvoiceDetailsController [restartedMain] InvoiceDetailsController object created
2022-03-23 16:22:19,478 INFO com.technicalprashikshan.main.controller.MonthsDetailsController [restartedMain] MonthsDetailsController object created
2022-03-23 16:22:19,482 INFO com.technicalprashikshan.main.controller.PurchaseOrderDetailsController [restartedMain] PurchaseOrderDetailsController object created
2022-03-23 16:22:19,486 INFO com.technicalprashikshan.main.controller.TrainerDetailsController [restartedMain] TrainerDetailsController object created
2022-03-23 16:22:19,492 INFO com.technicalprashikshan.main.controller.TrainingDatesDetailsController [restartedMain] TrainingDatesDetailsController object created
2022-03-23 16:22:19,497 INFO com.technicalprashikshan.main.controller.TrainingDetailsController [restartedMain] TrainingDetailsController object created
2022-03-23 16:22:19,502 INFO com.technicalprashikshan.main.controller.UserDetailsController [restartedMain] UserDetailsController object created
2022-03-23 16:22:19,508 INFO com.technicalprashikshan.main.controller.VendorDetailsController [restartedMain] VendorDetailsController object created
2022-03-23 16:22:19,648 INFO com.technicalprashikshan.main.TechnicalPrashikshanApplication [restartedMain] Started TechnicalPrashikshanApplication in 0.594 seconds (JVM running for 1867.151)
2022-03-23 16:22:19,650 INFO com.technicalprashikshan.main.TechnicalPrashikshanApplication [restartedMain] Spring Boot application is deployed successfully!!
2022-03-23 16:22:21,198 INFO com.technicalprashikshan.main.TechnicalPrashikshanApplication [restartedMain] logger is configured successfully!
2022-03-23 16:22:21,236 INFO com.technicalprashikshan.main.TechnicalPrashikshanApplication [restartedMain] Starting TechnicalPrashikshanApplication using Java 17.0.1 on BornToCode with PID 126352 (C:\Technical_Prashikshan\Spring_Boot\TechnicalPrashikshan\TechnicalPrashikshan\target\classes started by bornt in C:\Technical_Prashikshan\Spring_Boot\TechnicalPrashikshan\TechnicalPrashikshan)
2022-03-23 16:22:21,237 INFO com.technicalprashikshan.main.TechnicalPrashikshanApplication [restartedMain] No active profile set, falling back to default profiles: default
2022-03-23 16:22:21,515 INFO com.technicalprashikshan.main.controller.BankingDetailsController [restartedMain] BankingDetailsController object created
2022-03-23 16:22:21,533 INFO com.technicalprashikshan.main.controller.ClientDetailsController [restartedMain] ClientDetailsController object created
2022-03-23 16:22:21,539 INFO com.technicalprashikshan.main.controller.ContactDetailsController [restartedMain] ContactDetailsController object created
2022-03-23 16:22:21,540 INFO com.technicalprashikshan.main.service.ContactDetailsService [restartedMain] ContactDetailsService object created
2022-03-23 16:22:21,545 INFO com.technicalprashikshan.main.controller.DaysDetailsController [restartedMain] DaysDetailsController object created
2022-03-23 16:22:21,549 INFO com.technicalprashikshan.main.controller.FilesDetailsController [restartedMain] FilesDetailsController object created
2022-03-23 16:22:21,554 INFO com.technicalprashikshan.main.controller.FinancialYearDetailsController [restartedMain] FinancialYearDetailsController object created
2022-03-23 16:22:21,559 INFO com.technicalprashikshan.main.controller.InvoiceDetailsController [restartedMain] InvoiceDetailsController object created
2022-03-23 16:22:21,563 INFO com.technicalprashikshan.main.controller.MonthsDetailsController [restartedMain] MonthsDetailsController object created
2022-03-23 16:22:21,568 INFO com.technicalprashikshan.main.controller.PurchaseOrderDetailsController [restartedMain] PurchaseOrderDetailsController object created
2022-03-23 16:22:21,572 INFO com.technicalprashikshan.main.controller.TrainerDetailsController [restartedMain] TrainerDetailsController object created
2022-03-23 16:22:21,577 INFO com.technicalprashikshan.main.controller.TrainingDatesDetailsController [restartedMain] TrainingDatesDetailsController object created
2022-03-23 16:22:21,583 INFO com.technicalprashikshan.main.controller.TrainingDetailsController [restartedMain] TrainingDetailsController object created
2022-03-23 16:22:21,589 INFO com.technicalprashikshan.main.controller.UserDetailsController [restartedMain] UserDetailsController object created
2022-03-23 16:22:21,598 INFO com.technicalprashikshan.main.controller.VendorDetailsController [restartedMain] VendorDetailsController object created
2022-03-23 16:22:21,731 INFO com.technicalprashikshan.main.TechnicalPrashikshanApplication [restartedMain] Started TechnicalPrashikshanApplication in 0.527 seconds (JVM running for 1869.234)
2022-03-23 16:22:21,733 INFO com.technicalprashikshan.main.TechnicalPrashikshanApplication [restartedMain] Spring Boot application is deployed successfully!!
2022-03-23 16:23:46,782 INFO com.technicalprashikshan.main.TechnicalPrashikshanApplication [restartedMain] logger is configured successfully!
2022-03-23 16:23:46,811 INFO com.technicalprashikshan.main.TechnicalPrashikshanApplication [restartedMain] Starting TechnicalPrashikshanApplication using Java 17.0.1 on BornToCode with PID 126352 (C:\Technical_Prashikshan\Spring_Boot\TechnicalPrashikshan\TechnicalPrashikshan\target\classes started by bornt in C:\Technical_Prashikshan\Spring_Boot\TechnicalPrashikshan\TechnicalPrashikshan)
2022-03-23 16:23:46,811 INFO com.technicalprashikshan.main.TechnicalPrashikshanApplication [restartedMain] No active profile set, falling back to default profiles: default
2022-03-23 16:23:47,032 INFO com.technicalprashikshan.main.controller.BankingDetailsController [restartedMain] BankingDetailsController object created
2022-03-23 16:23:47,049 INFO com.technicalprashikshan.main.controller.ClientDetailsController [restartedMain] ClientDetailsController object created
2022-03-23 16:23:47,054 INFO com.technicalprashikshan.main.controller.ContactDetailsController [restartedMain] ContactDetailsController object created
2022-03-23 16:23:47,055 INFO com.technicalprashikshan.main.service.ContactDetailsService [restartedMain] ContactDetailsService object created
2022-03-23 16:23:47,060 INFO com.technicalprashikshan.main.controller.DaysDetailsController [restartedMain] DaysDetailsController object created
2022-03-23 16:23:47,066 INFO com.technicalprashikshan.main.controller.FilesDetailsController [restartedMain] FilesDetailsController object created
2022-03-23 16:23:47,070 INFO com.technicalprashikshan.main.controller.FinancialYearDetailsController [restartedMain] FinancialYearDetailsController object created
2022-03-23 16:23:47,074 INFO com.technicalprashikshan.main.controller.InvoiceDetailsController [restartedMain] InvoiceDetailsController object created
2022-03-23 16:23:47,078 INFO com.technicalprashikshan.main.controller.MonthsDetailsController [restartedMain] MonthsDetailsController object created
2022-03-23 16:23:47,083 INFO com.technicalprashikshan.main.controller.PurchaseOrderDetailsController [restartedMain] PurchaseOrderDetailsController object created
2022-03-23 16:23:47,087 INFO com.technicalprashikshan.main.controller.TrainerDetailsController [restartedMain] TrainerDetailsController object created
2022-03-23 16:23:47,090 INFO com.technicalprashikshan.main.controller.TrainingDatesDetailsController [restartedMain] TrainingDatesDetailsController object created
2022-03-23 16:23:47,095 INFO com.technicalprashikshan.main.controller.TrainingDetailsController [restartedMain] TrainingDetailsController object created
2022-03-23 16:23:47,099 INFO com.technicalprashikshan.main.controller.UserDetailsController [restartedMain] UserDetailsController object created
2022-03-23 16:23:47,105 INFO com.technicalprashikshan.main.controller.VendorDetailsController [restartedMain] VendorDetailsController object created
2022-03-23 16:23:47,190 ERROR org.springframework.boot.SpringApplication [restartedMain] Application run failed
org.springframework.beans.factory.BeanCreationException: Error creating bean with name 'requestMappingHandlerMapping' defined in class path resource [org/springframework/boot/autoconfigure/web/servlet/WebMvcAutoConfiguration$EnableWebMvcConfiguration.class]: Invocation of init method failed; nested exception is java.lang.IllegalStateException: Ambiguous mapping. Cannot map 'daysDetailsController' method 
com.technicalprashikshan.main.controller.DaysDetailsController#getAllDaysDetailsByMonthStartDate(MonthsDetails)
to {GET [/technicalprashikshanapi/daysdetailsapi/daysdetails/all]}: There is already 'daysDetailsController' bean method
com.technicalprashikshan.main.controller.DaysDetailsController#getAllDaysDetails() mapped.
	at org.springframework.beans.factory.support.AbstractAutowireCapableBeanFactory.initializeBean(AbstractAutowireCapableBeanFactory.java:1804)
	at org.springframework.beans.factory.support.AbstractAutowireCapableBeanFactory.doCreateBean(AbstractAutowireCapableBeanFactory.java:620)
	at org.springframework.beans.factory.support.AbstractAutowireCapableBeanFactory.createBean(AbstractAutowireCapableBeanFactory.java:542)
	at org.springframework.beans.factory.support.AbstractBeanFactory.lambda$doGetBean$0(AbstractBeanFactory.java:335)
	at org.springframework.beans.factory.support.DefaultSingletonBeanRegistry.getSingleton(DefaultSingletonBeanRegistry.java:234)
	at org.springframework.beans.factory.support.AbstractBeanFactory.doGetBean(AbstractBeanFactory.java:333)
	at org.springframework.beans.factory.support.AbstractBeanFactory.getBean(AbstractBeanFactory.java:208)
	at org.springframework.beans.factory.support.DefaultListableBeanFactory.preInstantiateSingletons(DefaultListableBeanFactory.java:953)
	at org.springframework.context.support.AbstractApplicationContext.finishBeanFactoryInitialization(AbstractApplicationContext.java:918)
	at org.springframework.context.support.AbstractApplicationContext.refresh(AbstractApplicationContext.java:583)
	at org.springframework.boot.web.servlet.context.ServletWebServerApplicationContext.refresh(ServletWebServerApplicationContext.java:145)
	at org.springframework.boot.SpringApplication.refresh(SpringApplication.java:732)
	at org.springframework.boot.SpringApplication.refreshContext(SpringApplication.java:414)
	at org.springframework.boot.SpringApplication.run(SpringApplication.java:302)
	at org.springframework.boot.SpringApplication.run(SpringApplication.java:1303)
	at org.springframework.boot.SpringApplication.run(SpringApplication.java:1292)
	at com.technicalprashikshan.main.TechnicalPrashikshanApplication.main(TechnicalPrashikshanApplication.java:14)
	at java.base/jdk.internal.reflect.NativeMethodAccessorImpl.invoke0(Native Method)
	at java.base/jdk.internal.reflect.NativeMethodAccessorImpl.invoke(NativeMethodAccessorImpl.java:77)
	at java.base/jdk.internal.reflect.DelegatingMethodAccessorImpl.invoke(DelegatingMethodAccessorImpl.java:43)
	at java.base/java.lang.reflect.Method.invoke(Method.java:568)
	at org.springframework.boot.devtools.restart.RestartLauncher.run(RestartLauncher.java:49)
Caused by: java.lang.IllegalStateException: Ambiguous mapping. Cannot map 'daysDetailsController' method 
com.technicalprashikshan.main.controller.DaysDetailsController#getAllDaysDetailsByMonthStartDate(MonthsDetails)
to {GET [/technicalprashikshanapi/daysdetailsapi/daysdetails/all]}: There is already 'daysDetailsController' bean method
com.technicalprashikshan.main.controller.DaysDetailsController#getAllDaysDetails() mapped.
	at org.springframework.web.servlet.handler.AbstractHandlerMethodMapping$MappingRegistry.validateMethodMapping(AbstractHandlerMethodMapping.java:669)
	at org.springframework.web.servlet.handler.AbstractHandlerMethodMapping$MappingRegistry.register(AbstractHandlerMethodMapping.java:635)
	at org.springframework.web.servlet.handler.AbstractHandlerMethodMapping.registerHandlerMethod(AbstractHandlerMethodMapping.java:332)
	at org.springframework.web.servlet.mvc.method.annotation.RequestMappingHandlerMapping.registerHandlerMethod(RequestMappingHandlerMapping.java:420)
	at org.springframework.web.servlet.mvc.method.annotation.RequestMappingHandlerMapping.registerHandlerMethod(RequestMappingHandlerMapping.java:76)
	at org.springframework.web.servlet.handler.AbstractHandlerMethodMapping.lambda$detectHandlerMethods$2(AbstractHandlerMethodMapping.java:299)
	at java.base/java.util.LinkedHashMap.forEach(LinkedHashMap.java:721)
	at org.springframework.web.servlet.handler.AbstractHandlerMethodMapping.detectHandlerMethods(AbstractHandlerMethodMapping.java:297)
	at org.springframework.web.servlet.handler.AbstractHandlerMethodMapping.processCandidateBean(AbstractHandlerMethodMapping.java:266)
	at org.springframework.web.servlet.handler.AbstractHandlerMethodMapping.initHandlerMethods(AbstractHandlerMethodMapping.java:225)
	at org.springframework.web.servlet.handler.AbstractHandlerMethodMapping.afterPropertiesSet(AbstractHandlerMethodMapping.java:213)
	at org.springframework.web.servlet.mvc.method.annotation.RequestMappingHandlerMapping.afterPropertiesSet(RequestMappingHandlerMapping.java:205)
	at org.springframework.beans.factory.support.AbstractAutowireCapableBeanFactory.invokeInitMethods(AbstractAutowireCapableBeanFactory.java:1863)
	at org.springframework.beans.factory.support.AbstractAutowireCapableBeanFactory.initializeBean(AbstractAutowireCapableBeanFactory.java:1800)
	... 21 common frames omitted
2022-03-23 16:24:29,217 INFO com.technicalprashikshan.main.TechnicalPrashikshanApplication [restartedMain] logger is configured successfully!
2022-03-23 16:24:29,255 INFO com.technicalprashikshan.main.TechnicalPrashikshanApplication [restartedMain] Starting TechnicalPrashikshanApplication using Java 17.0.1 on BornToCode with PID 126352 (C:\Technical_Prashikshan\Spring_Boot\TechnicalPrashikshan\TechnicalPrashikshan\target\classes started by bornt in C:\Technical_Prashikshan\Spring_Boot\TechnicalPrashikshan\TechnicalPrashikshan)
2022-03-23 16:24:29,255 INFO com.technicalprashikshan.main.TechnicalPrashikshanApplication [restartedMain] No active profile set, falling back to default profiles: default
2022-03-23 16:24:29,500 INFO com.technicalprashikshan.main.controller.BankingDetailsController [restartedMain] BankingDetailsController object created
2022-03-23 16:24:29,518 INFO com.technicalprashikshan.main.controller.ClientDetailsController [restartedMain] ClientDetailsController object created
2022-03-23 16:24:29,521 INFO com.technicalprashikshan.main.controller.ContactDetailsController [restartedMain] ContactDetailsController object created
2022-03-23 16:24:29,522 INFO com.technicalprashikshan.main.service.ContactDetailsService [restartedMain] ContactDetailsService object created
2022-03-23 16:24:29,526 INFO com.technicalprashikshan.main.controller.DaysDetailsController [restartedMain] DaysDetailsController object created
2022-03-23 16:24:29,531 INFO com.technicalprashikshan.main.controller.FilesDetailsController [restartedMain] FilesDetailsController object created
2022-03-23 16:24:29,535 INFO com.technicalprashikshan.main.controller.FinancialYearDetailsController [restartedMain] FinancialYearDetailsController object created
2022-03-23 16:24:29,539 INFO com.technicalprashikshan.main.controller.InvoiceDetailsController [restartedMain] InvoiceDetailsController object created
2022-03-23 16:24:29,543 INFO com.technicalprashikshan.main.controller.MonthsDetailsController [restartedMain] MonthsDetailsController object created
2022-03-23 16:24:29,549 INFO com.technicalprashikshan.main.controller.PurchaseOrderDetailsController [restartedMain] PurchaseOrderDetailsController object created
2022-03-23 16:24:29,553 INFO com.technicalprashikshan.main.controller.TrainerDetailsController [restartedMain] TrainerDetailsController object created
2022-03-23 16:24:29,558 INFO com.technicalprashikshan.main.controller.TrainingDatesDetailsController [restartedMain] TrainingDatesDetailsController object created
2022-03-23 16:24:29,563 INFO com.technicalprashikshan.main.controller.TrainingDetailsController [restartedMain] TrainingDetailsController object created
2022-03-23 16:24:29,567 INFO com.technicalprashikshan.main.controller.UserDetailsController [restartedMain] UserDetailsController object created
2022-03-23 16:24:29,573 INFO com.technicalprashikshan.main.controller.VendorDetailsController [restartedMain] VendorDetailsController object created
2022-03-23 16:24:29,659 INFO com.technicalprashikshan.main.TechnicalPrashikshanApplication [restartedMain] Started TechnicalPrashikshanApplication in 0.433 seconds (JVM running for 1997.162)
2022-03-23 16:24:29,660 INFO com.technicalprashikshan.main.TechnicalPrashikshanApplication [restartedMain] Spring Boot application is deployed successfully!!
2022-03-23 16:25:58,580 INFO com.technicalprashikshan.main.TechnicalPrashikshanApplication [restartedMain] logger is configured successfully!
2022-03-23 16:25:58,602 INFO com.technicalprashikshan.main.TechnicalPrashikshanApplication [restartedMain] Starting TechnicalPrashikshanApplication using Java 17.0.1 on BornToCode with PID 126352 (C:\Technical_Prashikshan\Spring_Boot\TechnicalPrashikshan\TechnicalPrashikshan\target\classes started by bornt in C:\Technical_Prashikshan\Spring_Boot\TechnicalPrashikshan\TechnicalPrashikshan)
2022-03-23 16:25:58,602 INFO com.technicalprashikshan.main.TechnicalPrashikshanApplication [restartedMain] No active profile set, falling back to default profiles: default
2022-03-23 16:25:58,781 INFO com.technicalprashikshan.main.controller.BankingDetailsController [restartedMain] BankingDetailsController object created
2022-03-23 16:25:58,797 INFO com.technicalprashikshan.main.controller.ClientDetailsController [restartedMain] ClientDetailsController object created
2022-03-23 16:25:58,800 INFO com.technicalprashikshan.main.controller.ContactDetailsController [restartedMain] ContactDetailsController object created
2022-03-23 16:25:58,801 INFO com.technicalprashikshan.main.service.ContactDetailsService [restartedMain] ContactDetailsService object created
2022-03-23 16:25:58,804 INFO com.technicalprashikshan.main.controller.DaysDetailsController [restartedMain] DaysDetailsController object created
2022-03-23 16:25:58,808 INFO com.technicalprashikshan.main.controller.FilesDetailsController [restartedMain] FilesDetailsController object created
2022-03-23 16:25:58,813 INFO com.technicalprashikshan.main.controller.FinancialYearDetailsController [restartedMain] FinancialYearDetailsController object created
2022-03-23 16:25:58,817 INFO com.technicalprashikshan.main.controller.InvoiceDetailsController [restartedMain] InvoiceDetailsController object created
2022-03-23 16:25:58,821 INFO com.technicalprashikshan.main.controller.MonthsDetailsController [restartedMain] MonthsDetailsController object created
2022-03-23 16:25:58,824 INFO com.technicalprashikshan.main.controller.PurchaseOrderDetailsController [restartedMain] PurchaseOrderDetailsController object created
2022-03-23 16:25:58,828 INFO com.technicalprashikshan.main.controller.TrainerDetailsController [restartedMain] TrainerDetailsController object created
2022-03-23 16:25:58,833 INFO com.technicalprashikshan.main.controller.TrainingDatesDetailsController [restartedMain] TrainingDatesDetailsController object created
2022-03-23 16:25:58,837 INFO com.technicalprashikshan.main.controller.TrainingDetailsController [restartedMain] TrainingDetailsController object created
2022-03-23 16:25:58,840 INFO com.technicalprashikshan.main.controller.UserDetailsController [restartedMain] UserDetailsController object created
2022-03-23 16:25:58,843 INFO com.technicalprashikshan.main.controller.VendorDetailsController [restartedMain] VendorDetailsController object created
2022-03-23 16:25:58,910 INFO com.technicalprashikshan.main.TechnicalPrashikshanApplication [restartedMain] Started TechnicalPrashikshanApplication in 0.324 seconds (JVM running for 2086.413)
2022-03-23 16:25:58,910 INFO com.technicalprashikshan.main.TechnicalPrashikshanApplication [restartedMain] Spring Boot application is deployed successfully!!
2022-03-23 16:26:22,970 INFO com.technicalprashikshan.main.controller.MonthsDetailsController [http-nio-8080-exec-2] 1
2022-03-23 16:27:16,606 INFO com.technicalprashikshan.main.controller.DaysDetailsController [http-nio-8080-exec-3] Retriving all month details by start date
2022-03-23 16:27:16,612 INFO com.technicalprashikshan.main.dao.rowmappers.DaysDetailsRowMapper [http-nio-8080-exec-3] DaysDetailsRowMapper mapRow
2022-03-23 16:27:16,614 INFO com.technicalprashikshan.main.dao.rowmappers.DaysDetailsRowMapper [http-nio-8080-exec-3] DaysDetailsRowMapper mapRow
2022-03-23 16:27:16,615 INFO com.technicalprashikshan.main.dao.rowmappers.DaysDetailsRowMapper [http-nio-8080-exec-3] DaysDetailsRowMapper mapRow
2022-03-23 16:27:16,617 INFO com.technicalprashikshan.main.dao.rowmappers.DaysDetailsRowMapper [http-nio-8080-exec-3] DaysDetailsRowMapper mapRow
2022-03-23 16:27:16,618 INFO com.technicalprashikshan.main.dao.rowmappers.DaysDetailsRowMapper [http-nio-8080-exec-3] DaysDetailsRowMapper mapRow
2022-03-23 16:27:16,619 INFO com.technicalprashikshan.main.dao.rowmappers.DaysDetailsRowMapper [http-nio-8080-exec-3] DaysDetailsRowMapper mapRow
2022-03-23 16:27:16,620 INFO com.technicalprashikshan.main.dao.rowmappers.DaysDetailsRowMapper [http-nio-8080-exec-3] DaysDetailsRowMapper mapRow
2022-03-23 16:27:16,621 INFO com.technicalprashikshan.main.dao.rowmappers.DaysDetailsRowMapper [http-nio-8080-exec-3] DaysDetailsRowMapper mapRow
2022-03-23 16:27:16,623 INFO com.technicalprashikshan.main.dao.rowmappers.DaysDetailsRowMapper [http-nio-8080-exec-3] DaysDetailsRowMapper mapRow
2022-03-23 16:27:16,626 INFO com.technicalprashikshan.main.dao.rowmappers.DaysDetailsRowMapper [http-nio-8080-exec-3] DaysDetailsRowMapper mapRow
2022-03-23 16:27:16,627 INFO com.technicalprashikshan.main.dao.rowmappers.DaysDetailsRowMapper [http-nio-8080-exec-3] DaysDetailsRowMapper mapRow
2022-03-23 16:27:16,629 INFO com.technicalprashikshan.main.dao.rowmappers.DaysDetailsRowMapper [http-nio-8080-exec-3] DaysDetailsRowMapper mapRow
2022-03-23 16:27:16,630 INFO com.technicalprashikshan.main.dao.rowmappers.DaysDetailsRowMapper [http-nio-8080-exec-3] DaysDetailsRowMapper mapRow
2022-03-23 16:27:16,631 INFO com.technicalprashikshan.main.dao.rowmappers.DaysDetailsRowMapper [http-nio-8080-exec-3] DaysDetailsRowMapper mapRow
2022-03-23 16:27:16,632 INFO com.technicalprashikshan.main.dao.rowmappers.DaysDetailsRowMapper [http-nio-8080-exec-3] DaysDetailsRowMapper mapRow
2022-03-23 16:27:16,634 INFO com.technicalprashikshan.main.dao.rowmappers.DaysDetailsRowMapper [http-nio-8080-exec-3] DaysDetailsRowMapper mapRow
2022-03-23 16:27:16,636 INFO com.technicalprashikshan.main.dao.rowmappers.DaysDetailsRowMapper [http-nio-8080-exec-3] DaysDetailsRowMapper mapRow
2022-03-23 16:27:16,638 INFO com.technicalprashikshan.main.dao.rowmappers.DaysDetailsRowMapper [http-nio-8080-exec-3] DaysDetailsRowMapper mapRow
2022-03-23 16:27:16,639 INFO com.technicalprashikshan.main.dao.rowmappers.DaysDetailsRowMapper [http-nio-8080-exec-3] DaysDetailsRowMapper mapRow
2022-03-23 16:27:16,642 INFO com.technicalprashikshan.main.dao.rowmappers.DaysDetailsRowMapper [http-nio-8080-exec-3] DaysDetailsRowMapper mapRow
2022-03-23 16:27:16,644 INFO com.technicalprashikshan.main.dao.rowmappers.DaysDetailsRowMapper [http-nio-8080-exec-3] DaysDetailsRowMapper mapRow
2022-03-23 16:27:16,645 INFO com.technicalprashikshan.main.dao.rowmappers.DaysDetailsRowMapper [http-nio-8080-exec-3] DaysDetailsRowMapper mapRow
2022-03-23 16:27:16,646 INFO com.technicalprashikshan.main.dao.rowmappers.DaysDetailsRowMapper [http-nio-8080-exec-3] DaysDetailsRowMapper mapRow
2022-03-23 16:27:16,647 INFO com.technicalprashikshan.main.dao.rowmappers.DaysDetailsRowMapper [http-nio-8080-exec-3] DaysDetailsRowMapper mapRow
2022-03-23 16:27:16,649 INFO com.technicalprashikshan.main.dao.rowmappers.DaysDetailsRowMapper [http-nio-8080-exec-3] DaysDetailsRowMapper mapRow
2022-03-23 16:27:16,651 INFO com.technicalprashikshan.main.dao.rowmappers.DaysDetailsRowMapper [http-nio-8080-exec-3] DaysDetailsRowMapper mapRow
2022-03-23 16:27:16,652 INFO com.technicalprashikshan.main.dao.rowmappers.DaysDetailsRowMapper [http-nio-8080-exec-3] DaysDetailsRowMapper mapRow
2022-03-23 16:27:16,653 INFO com.technicalprashikshan.main.dao.rowmappers.DaysDetailsRowMapper [http-nio-8080-exec-3] DaysDetailsRowMapper mapRow
2022-03-23 16:27:16,655 INFO com.technicalprashikshan.main.dao.rowmappers.DaysDetailsRowMapper [http-nio-8080-exec-3] DaysDetailsRowMapper mapRow
2022-03-23 16:27:16,656 INFO com.technicalprashikshan.main.dao.rowmappers.DaysDetailsRowMapper [http-nio-8080-exec-3] DaysDetailsRowMapper mapRow
2022-03-23 16:27:16,659 INFO com.technicalprashikshan.main.dao.rowmappers.DaysDetailsRowMapper [http-nio-8080-exec-3] DaysDetailsRowMapper mapRow
